Case #1: 5
6 2
4 3
3 7
2 16
1 53
Case #2: 1
1 16
Case #3: 2
2 1
1 12
Case #4: 1
2 4
Case #5: 1
1 128
Case #6: 1
1 224
Case #7: 1
1 512
Case #8: 1
1 24
Case #9: 4
6 1
3 4
2 21
1 208
Case #10: 4
4 1
3 1
2 6
1 47
Case #11: 5
7 1
6 1
3 2
2 4
1 105
Case #12: 3
3 1
2 6
1 79
Case #13: 2
2 2
1 8
Case #14: 4
4 1
3 3
2 17
1 197
Case #15: 2
2 9
1 92
Case #16: 3
3 1
2 7
1 59
Case #17: 2
2 3
1 36
Case #18: 4
4 1
3 1
2 5
1 83
Case #19: 1
1 28
Case #20: 4
4 3
3 2
2 3
1 114
Case #21: 2
2 5
1 32
Case #22: 4
4 1
3 1
2 3
1 19
Case #23: 4
4 2
3 2
2 6
1 70
Case #24: 6
8 1
5 2
4 2
3 2
2 15
1 136
Case #25: 3
3 1
2 10
1 71
Case #26: 5
6 1
5 2
3 1
2 21
1 205
Case #27: 6
8 1
7 1
4 1
3 5
2 13
1 134
Case #28: 2
2 1
1 20
Case #29: 3
4 3
2 11
1 132
Case #30: 3
3 5
2 10
1 83
Case #31: 4
4 1
3 6
2 9
1 118
Case #32: 1
1 8
Case #33: 2
2 4
1 32
Case #34: 2
2 2
1 20
Case #35: 5
5 2
4 1
3 3
2 12
1 79
Case #36: 3
5 1
2 21
1 179
Case #37: 5
5 1
4 1
3 3
2 18
1 168
Case #38: 3
3 1
2 5
1 31
Case #39: 3
3 3
2 3
1 49
Case #40: 2
2 2
1 12
Case #41: 3
3 1
2 1
1 11
Case #42: 3
5 1
2 22
1 307
Case #43: 6
6 1
5 2
4 2
3 3
2 13
1 167
Case #44: 6
6 1
5 1
4 2
3 5
2 17
1 178
Case #45: 5
5 1
4 1
3 2
2 7
1 89
Case #46: 4
4 1
3 2
2 16
1 82
Case #47: 6
7 1
6 1
4 2
3 2
2 21
1 201
Case #48: 5
6 1
4 1
3 2
2 13
1 118
Case #49: 2
2 1
1 8
Case #50: 1
1 8
Case #51: 5
6 1
5 1
3 2
2 10
1 141
Case #52: 4
5 1
3 2
2 8
1 125
Case #53: 4
4 2
3 5
2 10
1 171
Case #54: 2
2 2
1 12
Case #55: 4
7 1
3 2
2 20
1 153
Case #56: 4
4 1
3 3
2 1
1 41
Case #57: 4
5 1
3 2
2 4
1 61
Case #58: 3
3 1
2 3
1 35
Case #59: 2
2 6
1 84
Case #60: 2
2 3
1 60
Case #61: 3
5 1
2 17
1 171
Case #62: 3
3 4
2 6
1 84
Case #63: 3
4 1
2 3
1 28
Case #64: 3
4 1
2 2
1 40
Case #65: 4
4 1
3 1
2 1
1 67
Case #66: 1
1 32
Case #67: 2
2 4
1 40
Case #68: 3
3 1
2 22
1 239
Case #69: 2
2 1
1 12
Case #70: 2
2 8
1 48
Case #71: 3
4 1
2 10
1 136
Case #72: 5
6 1
5 1
3 1
2 9
1 134
Case #73: 2
2 1
1 44
Case #74: 5
5 2
4 3
3 1
2 3
1 57
Case #75: 3
3 2
2 10
1 138
Case #76: 2
2 7
1 36
Case #77: 3
3 1
2 6
1 63
Case #78: 4
4 2
3 1
2 2
1 35
Case #79: 2
2 7
1 52
Case #80: 3
4 1
2 9
1 172
Case #81: 4
6 1
4 1
2 9
1 68
Case #82: 3
3 1
2 10
1 71
Case #83: 2
2 3
1 36
Case #84: 3
3 1
2 9
1 147
Case #85: 1
1 4
Case #86: 3
3 1
2 3
1 43
Case #87: 2
2 3
1 72
Case #88: 6
6 1
5 1
4 3
3 4
2 17
1 123
Case #89: 1
1 24
Case #90: 3
3 2
2 8
1 94
Case #91: 3
3 4
2 6
1 84
Case #92: 3
3 1
2 5
1 55
Case #93: 3
4 1
2 10
1 124
Case #94: 3
3 3
2 8
1 85
Case #95: 2
2 2
1 56
Case #96: 2
2 2
1 28
Case #97: 3
3 1
2 7
1 59
Case #98: 8
14 1
12 1
6 1
5 1
4 4
3 9
2 33
1 346
Case #99: 5
68 1
4 11
3 754
2 17801
1 179354
Case #100: 44
250 1
212 1
198 1
130 1
81 1
66 1
64 2
55 3
49 1
46 1
42 2
34 1
33 1
32 1
31 1
30 3
29 5
28 3
27 4
25 3
24 4
23 2
22 1
21 2
20 1
19 2
18 4
17 18
16 16
15 9
14 19
13 18
12 13
11 4
10 30
9 3
8 19
7 13
6 36
5 42
4 171
3 80
2 528
1 3488
