Case #1: 5
6 2
4 3
3 7
2 16
1 53
Case #2: 1
1 16
Case #3: 2
2 1
1 12
Case #4: 1
2 4
Case #5: 1
1 128
Case #6: 1
1 224
Case #7: 1
1 32
Case #8: 3
3 1
2 10
1 131
Case #9: 4
5 1
3 2
2 4
1 61
Case #10: 2
3 1
1 7
Case #11: 3
3 2
2 7
1 62
Case #12: 4
4 1
3 3
2 5
1 49
Case #13: 4
4 3
3 1
2 13
1 99
Case #14: 5
6 1
4 1
3 4
2 5
1 72
Case #15: 2
2 9
1 68
Case #16: 3
3 1
2 8
1 175
Case #17: 4
4 3
3 2
2 9
1 78
Case #18: 3
3 2
2 7
1 178
Case #19: 2
2 7
1 56
Case #20: 1
1 16
Case #21: 3
3 3
2 6
1 89
Case #22: 5
6 3
5 1
3 1
2 18
1 178
Case #23: 6
8 1
6 1
5 1
3 1
2 9
1 166
Case #24: 3
3 1
2 13
1 163
Case #25: 4
4 1
3 1
2 3
1 35
Case #26: 4
4 1
3 1
2 10
1 127
Case #27: 2
2 4
1 68
Case #28: 4
6 1
4 1
2 4
1 88
Case #29: 2
2 10
1 80
Case #30: 2
2 3
1 84
Case #31: 4
6 1
3 3
2 4
1 53
Case #32: 2
2 9
1 84
Case #33: 3
3 1
2 10
1 47
Case #34: 5
6 1
4 1
3 1
2 7
1 103
Case #35: 3
4 1
2 10
1 104
Case #36: 2
2 14
1 56
Case #37: 4
7 1
4 1
2 13
1 163
Case #38: 3
3 1
2 5
1 35
Case #39: 4
4 1
3 3
2 11
1 105
Case #40: 3
4 2
2 15
1 196
Case #41: 5
5 1
4 1
3 2
2 6
1 61
Case #42: 2
2 1
1 28
Case #43: 2
2 3
1 48
Case #44: 3
3 5
2 8
1 147
Case #45: 7
7 2
6 1
5 2
4 2
3 2
2 10
1 174
Case #46: 3
4 1
2 12
1 112
Case #47: 3
3 1
2 2
1 47
Case #48: 3
3 4
2 9
1 68
Case #49: 6
7 2
5 1
4 1
3 4
2 8
1 73
Case #50: 1
1 8
Case #51: 3
3 2
2 3
1 66
Case #52: 5
5 1
4 2
3 1
2 8
1 62
Case #53: 1
1 20
Case #54: 2
2 3
1 16
Case #55: 2
2 8
1 68
Case #56: 4
4 3
3 3
2 9
1 105
Case #57: 4
4 2
3 4
2 8
1 100
Case #58: 3
3 1
2 11
1 139
Case #59: 1
1 24
Case #60: 3
3 1
2 31
1 227
Case #61: 4
4 1
3 1
2 10
1 115
Case #62: 3
3 1
2 6
1 39
Case #63: 3
3 4
2 10
1 120
Case #64: 4
5 1
3 1
2 26
1 254
Case #65: 1
1 20
Case #66: 3
3 2
2 4
1 86
Case #67: 4
4 3
3 4
2 19
1 192
Case #68: 2
2 6
1 36
Case #69: 2
2 3
1 32
Case #70: 3
3 3
2 9
1 97
Case #71: 1
1 20
Case #72: 3
3 3
2 30
1 333
Case #73: 1
1 4
Case #74: 1
1 24
Case #75: 4
4 1
3 3
2 18
1 365
Case #76: 2
2 7
1 20
Case #77: 3
3 2
2 6
1 78
Case #78: 4
5 1
3 1
2 9
1 74
Case #79: 4
5 1
3 1
2 4
1 126
Case #80: 1
1 24
Case #81: 3
3 1
2 16
1 187
Case #82: 6
6 1
5 1
4 2
3 2
2 3
1 69
Case #83: 2
2 2
1 32
Case #84: 2
2 1
1 60
Case #85: 1
1 12
Case #86: 2
2 7
1 92
Case #87: 1
1 24
Case #88: 2
2 2
1 32
Case #89: 2
2 2
1 8
Case #90: 2
2 3
1 40
Case #91: 2
2 10
1 72
Case #92: 5
5 1
4 1
3 2
2 13
1 129
Case #93: 1
1 12
Case #94: 2
2 3
1 52
Case #95: 3
3 1
2 1
1 19
Case #96: 2
2 2
1 76
Case #97: 2
2 13
1 60
Case #98: 9
10 1
8 1
7 1
6 1
5 1
4 1
3 5
2 52
1 481
Case #99: 3
3 4
2 58
1 756
Case #100: 9
14 1
9 2
7 1
6 3
5 4
4 4
3 7
2 35
1 142
