write 	0.176
fdatasync 	2.045
write 	0.182
fdatasync 	1.932
write 	0.180
fdatasync 	2.019
write 	0.179
fdatasync 	2.045
write 	0.180
fdatasync 	2.029
write 	0.179
fdatasync 	2.054
write 	0.179
fdatasync 	2.096
write 	0.179
fdatasync 	2.153
write 	0.181
fdatasync 	2.158
write 	0.180
fdatasync 	2.218
write 	0.226
fdatasync 	2.250
write 	0.224
fdatasync 	2.269
write 	0.181
fdatasync 	2.277
write 	0.179
fdatasync 	2.262
write 	0.182
fdatasync 	2.226
write 	0.181
fdatasync 	2.227
write 	0.183
fdatasync 	2.241
write 	0.181
fdatasync 	2.227
write 	0.181
fdatasync 	2.227
write 	0.226
fdatasync 	2.274
