memset 	0.096
msync 	1.056
memset 	0.099
msync 	1.129
memset 	0.141
msync 	1.094
memset 	0.119
msync 	1.111
memset 	0.116
msync 	1.089
memset 	0.119
msync 	1.118
memset 	0.118
msync 	1.200
memset 	0.117
msync 	1.184
memset 	0.509
msync 	0.809
memset 	0.480
msync 	0.837
memset 	0.099
msync 	1.316
memset 	0.511
msync 	0.925
memset 	0.117
msync 	1.272
memset 	0.370
msync 	1.078
memset 	0.121
msync 	1.278
memset 	0.551
msync 	0.862
memset 	0.563
msync 	0.860
memset 	0.128
msync 	1.302
memset 	0.124
msync 	1.265
memset 	0.117
msync 	1.238
