memset 	0.282
msync 	7.611
memset 	0.267
msync 	8.946
memset 	0.269
msync 	7.864
memset 	0.268
msync 	8.282
memset 	0.291
msync 	9.603
memset 	0.282
msync 	9.430
memset 	0.303
msync 	7.731
memset 	0.299
msync 	8.621
memset 	0.299
msync 	8.531
memset 	0.277
msync 	8.103
memset 	0.276
msync 	6.447
memset 	0.276
msync 	7.003
memset 	0.277
msync 	7.594
memset 	0.277
msync 	6.321
memset 	0.275
msync 	11.732
memset 	0.277
msync 	6.581
memset 	0.277
msync 	6.308
memset 	0.277
msync 	11.056
memset 	0.279
msync 	6.584
memset 	0.277
msync 	6.322
