memset 	0.140
msync 	5.706
memset 	0.134
msync 	3.179
memset 	0.134
msync 	4.909
memset 	0.134
msync 	4.194
memset 	0.154
msync 	5.546
memset 	0.136
msync 	3.798
memset 	0.156
msync 	4.383
memset 	0.139
msync 	3.153
memset 	0.136
msync 	3.794
memset 	0.138
msync 	3.163
memset 	0.139
msync 	3.160
memset 	0.139
msync 	5.213
memset 	0.140
msync 	5.781
memset 	0.140
msync 	8.810
memset 	0.139
msync 	3.467
memset 	0.140
msync 	3.157
memset 	0.139
msync 	3.159
memset 	0.140
msync 	4.541
memset 	0.139
msync 	5.103
memset 	0.140
msync 	4.303
