memset 	22.222
msync 	10.672
memset 	13.158
msync 	22.243
memset 	10.861
msync 	27.104
memset 	12.097
msync 	18.977
memset 	13.243
msync 	24.774
memset 	7.149
msync 	23.848
memset 	17.736
msync 	13.358
memset 	10.011
msync 	26.524
memset 	6.318
msync 	24.190
memset 	14.600
msync 	17.007
memset 	1.095
msync 	28.256
memset 	1.113
msync 	28.012
memset 	1.106
msync 	27.177
memset 	1.106
msync 	27.294
memset 	1.102
msync 	27.255
memset 	1.116
msync 	27.762
memset 	1.117
msync 	27.370
memset 	1.117
msync 	27.204
memset 	1.113
msync 	28.042
memset 	1.112
msync 	27.907
