memset 	6.599
msync 	12.501
memset 	0.548
msync 	14.772
memset 	0.537
msync 	17.493
memset 	0.555
msync 	16.000
memset 	5.656
msync 	12.441
memset 	2.231
msync 	16.115
memset 	0.562
msync 	16.056
memset 	2.449
msync 	12.564
memset 	0.537
msync 	13.884
memset 	5.236
msync 	15.167
memset 	0.538
msync 	17.482
memset 	0.546
msync 	14.137
memset 	0.533
msync 	15.092
memset 	0.548
msync 	22.282
memset 	0.537
msync 	12.636
memset 	0.546
msync 	19.358
memset 	0.535
msync 	14.010
memset 	0.547
msync 	14.292
memset 	0.545
msync 	13.666
memset 	0.544
msync 	13.987
