memset 	7.095
msync 	9.833
memset 	7.137
msync 	9.802
memset 	7.371
msync 	10.138
memset 	8.267
msync 	8.859
memset 	7.582
msync 	9.950
memset 	8.427
msync 	9.061
memset 	7.729
msync 	10.625
memset 	8.607
msync 	9.374
memset 	6.778
msync 	11.519
memset 	7.212
msync 	11.738
memset 	5.510
msync 	15.168
memset 	7.304
msync 	14.209
memset 	6.761
msync 	14.434
memset 	6.908
msync 	13.321
memset 	7.925
msync 	13.077
memset 	8.194
msync 	12.750
memset 	5.859
msync 	14.831
memset 	7.570
msync 	14.422
memset 	7.795
msync 	14.726
memset 	5.864
msync 	15.134
