write 	22.525
fdatasync 	10.442
write 	20.616
fdatasync 	12.426
write 	20.815
fdatasync 	12.129
write 	18.665
fdatasync 	15.171
write 	20.009
fdatasync 	12.104
write 	20.389
fdatasync 	12.457
write 	21.033
fdatasync 	12.118
write 	21.887
fdatasync 	13.728
write 	22.254
fdatasync 	15.071
write 	22.624
fdatasync 	15.316
write 	24.588
fdatasync 	13.426
write 	25.153
fdatasync 	13.899
write 	21.525
fdatasync 	15.702
write 	23.589
fdatasync 	14.750
write 	24.113
fdatasync 	14.432
write 	24.480
fdatasync 	12.896
write 	23.924
fdatasync 	15.606
write 	21.486
fdatasync 	17.697
write 	24.968
fdatasync 	13.648
write 	22.288
fdatasync 	17.848
