memset 	2.082
msync 	6.623
memset 	2.307
msync 	6.414
memset 	2.608
msync 	6.442
memset 	2.487
msync 	6.455
memset 	2.312
msync 	6.691
memset 	2.500
msync 	6.776
memset 	2.366
msync 	7.065
memset 	2.270
msync 	7.253
memset 	2.682
msync 	7.064
memset 	2.623
msync 	7.358
memset 	0.809
msync 	9.882
memset 	0.803
msync 	9.495
memset 	0.781
msync 	9.407
memset 	1.678
msync 	9.077
memset 	0.881
msync 	9.668
memset 	0.785
msync 	9.779
memset 	2.532
msync 	8.171
memset 	2.488
msync 	8.351
memset 	2.800
msync 	7.949
memset 	1.082
msync 	9.817
