write 	23.331
fdatasync 	12.533
write 	20.738
fdatasync 	10.039
write 	12.536
fdatasync 	23.807
write 	19.904
fdatasync 	9.643
write 	19.664
fdatasync 	14.587
write 	8.485
fdatasync 	24.905
write 	16.461
fdatasync 	19.249
write 	19.296
fdatasync 	16.830
write 	6.350
fdatasync 	23.206
write 	16.247
fdatasync 	18.123
write 	9.664
fdatasync 	18.883
write 	15.729
fdatasync 	12.236
write 	16.993
fdatasync 	12.576
write 	10.818
fdatasync 	16.997
write 	5.911
fdatasync 	22.627
write 	6.208
fdatasync 	22.483
write 	5.874
fdatasync 	22.605
write 	4.252
fdatasync 	24.380
write 	3.204
fdatasync 	25.492
write 	2.153
fdatasync 	27.243
