memset 	51.222
msync 	13.093
memset 	47.020
msync 	26.781
memset 	63.910
msync 	13.667
memset 	52.496
msync 	19.149
memset 	52.561
msync 	26.778
memset 	36.438
msync 	27.144
memset 	34.564
msync 	24.216
memset 	47.596
msync 	16.510
memset 	39.378
msync 	23.800
memset 	44.057
msync 	13.909
memset 	25.711
msync 	30.536
memset 	26.845
msync 	28.942
memset 	26.136
msync 	29.738
memset 	26.339
msync 	29.851
memset 	25.578
msync 	32.833
memset 	26.045
msync 	29.010
memset 	26.248
msync 	28.589
memset 	26.859
msync 	29.739
memset 	28.108
msync 	29.496
memset 	26.361
msync 	31.160
