write 	0.336
fdatasync 	7.946
write 	0.335
fdatasync 	7.069
write 	0.341
fdatasync 	7.122
write 	0.341
fdatasync 	6.770
write 	0.356
fdatasync 	7.195
write 	0.340
fdatasync 	7.773
write 	0.349
fdatasync 	7.097
write 	0.352
fdatasync 	7.747
write 	0.343
fdatasync 	7.671
write 	0.350
fdatasync 	6.879
write 	0.337
fdatasync 	7.462
write 	0.340
fdatasync 	7.931
write 	0.362
fdatasync 	6.931
write 	0.361
fdatasync 	8.418
write 	0.359
fdatasync 	7.196
write 	0.353
fdatasync 	7.033
write 	0.350
fdatasync 	7.846
write 	0.348
fdatasync 	6.311
write 	0.350
fdatasync 	6.852
write 	0.351
fdatasync 	7.048
