memset 	0.193
msync 	1.933
memset 	0.196
msync 	1.981
memset 	0.254
msync 	2.165
memset 	0.212
msync 	2.165
memset 	0.214
msync 	2.205
memset 	0.210
msync 	2.260
memset 	0.212
msync 	2.392
memset 	0.218
msync 	2.276
memset 	0.212
msync 	2.372
memset 	0.214
msync 	2.396
memset 	0.215
msync 	2.472
memset 	0.195
msync 	2.405
memset 	0.200
msync 	2.406
memset 	0.194
msync 	2.421
memset 	0.195
msync 	2.411
memset 	0.194
msync 	2.413
memset 	0.213
msync 	2.475
memset 	0.215
msync 	2.526
memset 	0.216
msync 	2.480
memset 	0.818
msync 	1.902
