write 	0.714
fdatasync 	7.665
write 	0.721
fdatasync 	7.610
write 	0.736
fdatasync 	8.036
write 	0.753
fdatasync 	8.178
write 	0.717
fdatasync 	8.065
write 	0.718
fdatasync 	8.021
write 	0.716
fdatasync 	8.371
write 	0.708
fdatasync 	8.505
write 	0.717
fdatasync 	8.419
write 	2.620
fdatasync 	7.085
write 	0.716
fdatasync 	8.871
write 	0.724
fdatasync 	9.126
write 	0.731
fdatasync 	8.777
write 	0.726
fdatasync 	8.748
write 	0.717
fdatasync 	9.218
write 	0.730
fdatasync 	8.779
write 	0.842
fdatasync 	9.128
write 	0.720
fdatasync 	8.978
write 	0.729
fdatasync 	8.777
write 	2.370
fdatasync 	7.461
