write 	0.086
fdatasync 	1.909
write 	0.081
fdatasync 	2.931
write 	0.085
fdatasync 	2.892
write 	0.089
fdatasync 	2.857
write 	0.092
fdatasync 	2.538
write 	0.087
fdatasync 	2.145
write 	0.087
fdatasync 	3.162
write 	0.087
fdatasync 	1.516
write 	0.090
fdatasync 	2.236
write 	0.088
fdatasync 	1.605
write 	0.089
fdatasync 	1.845
write 	0.088
fdatasync 	1.493
write 	0.087
fdatasync 	1.489
write 	0.087
fdatasync 	1.494
write 	0.093
fdatasync 	2.173
write 	0.086
fdatasync 	2.308
write 	0.086
fdatasync 	1.800
write 	0.086
fdatasync 	2.577
write 	0.086
fdatasync 	2.471
write 	0.086
fdatasync 	2.092
