write 	8.550
fdatasync 	9.135
write 	5.372
fdatasync 	12.104
write 	4.572
fdatasync 	12.174
write 	5.615
fdatasync 	13.097
write 	3.921
fdatasync 	14.298
write 	4.227
fdatasync 	14.927
write 	4.423
fdatasync 	13.205
write 	5.584
fdatasync 	13.823
write 	7.899
fdatasync 	9.825
write 	6.083
fdatasync 	12.384
write 	8.895
fdatasync 	9.843
write 	7.651
fdatasync 	11.089
write 	4.819
fdatasync 	14.013
write 	3.695
fdatasync 	15.823
write 	6.232
fdatasync 	14.122
write 	5.280
fdatasync 	13.208
write 	7.614
fdatasync 	11.845
write 	7.811
fdatasync 	11.751
write 	6.181
fdatasync 	12.589
write 	4.398
fdatasync 	15.328
