write 	0.364
fdatasync 	3.852
write 	0.359
fdatasync 	3.841
write 	0.357
fdatasync 	3.918
write 	0.358
fdatasync 	3.976
write 	0.359
fdatasync 	3.999
write 	0.363
fdatasync 	4.046
write 	0.358
fdatasync 	4.092
write 	0.361
fdatasync 	4.206
write 	0.361
fdatasync 	4.204
write 	0.406
fdatasync 	4.625
write 	0.403
fdatasync 	4.661
write 	0.411
fdatasync 	4.745
write 	0.404
fdatasync 	4.688
write 	0.404
fdatasync 	4.615
write 	0.483
fdatasync 	4.602
write 	0.395
fdatasync 	4.657
write 	0.396
fdatasync 	4.648
write 	0.395
fdatasync 	4.725
write 	0.397
fdatasync 	4.747
write 	0.402
fdatasync 	4.567
