write 	51.838
fdatasync 	9.461
write 	39.577
fdatasync 	22.310
write 	43.557
fdatasync 	22.529
write 	42.664
fdatasync 	22.751
write 	48.269
fdatasync 	21.688
write 	48.378
fdatasync 	21.379
write 	39.466
fdatasync 	20.415
write 	50.084
fdatasync 	11.030
write 	36.560
fdatasync 	21.776
write 	44.491
fdatasync 	15.195
write 	28.400
fdatasync 	27.991
write 	28.629
fdatasync 	28.008
write 	27.611
fdatasync 	28.245
write 	29.528
fdatasync 	29.123
write 	29.846
fdatasync 	29.294
write 	27.037
fdatasync 	28.677
write 	27.363
fdatasync 	28.200
write 	26.731
fdatasync 	28.891
write 	30.650
fdatasync 	28.552
write 	29.199
fdatasync 	30.169
