memset 	20.506
msync 	11.612
memset 	20.097
msync 	12.040
memset 	19.686
msync 	13.095
memset 	19.934
msync 	12.474
memset 	19.522
msync 	13.018
memset 	20.304
msync 	13.221
memset 	20.133
msync 	13.702
memset 	19.631
msync 	15.156
memset 	21.220
msync 	16.530
memset 	25.673
msync 	10.253
memset 	27.420
msync 	14.375
memset 	24.543
msync 	17.259
memset 	25.386
msync 	17.869
memset 	26.616
msync 	14.536
memset 	27.943
msync 	15.577
memset 	29.115
msync 	15.982
memset 	28.756
msync 	16.504
memset 	28.444
msync 	16.783
memset 	29.337
msync 	14.860
memset 	26.153
msync 	18.618
