write 	0.089
fdatasync 	1.073
write 	0.091
fdatasync 	1.032
write 	0.091
fdatasync 	1.126
write 	0.090
fdatasync 	1.170
write 	0.090
fdatasync 	1.115
write 	0.095
fdatasync 	1.137
write 	0.092
fdatasync 	1.172
write 	0.089
fdatasync 	1.141
write 	0.091
fdatasync 	1.216
write 	0.092
fdatasync 	1.221
write 	0.092
fdatasync 	1.237
write 	0.169
fdatasync 	1.069
write 	0.133
fdatasync 	1.153
write 	0.136
fdatasync 	1.125
write 	0.137
fdatasync 	1.099
write 	0.127
fdatasync 	1.074
write 	0.140
fdatasync 	1.138
write 	0.132
fdatasync 	1.138
write 	0.125
fdatasync 	1.128
write 	0.135
fdatasync 	1.143
