memset 	0.068
msync 	2.490
memset 	0.081
msync 	3.461
memset 	0.083
msync 	3.706
memset 	0.084
msync 	3.371
memset 	0.086
msync 	4.171
memset 	0.069
msync 	2.818
memset 	0.070
msync 	2.236
memset 	0.072
msync 	2.516
memset 	0.070
msync 	2.484
memset 	0.071
msync 	2.576
memset 	0.071
msync 	2.637
memset 	0.068
msync 	1.577
memset 	0.069
msync 	1.577
memset 	0.069
msync 	1.597
memset 	0.069
msync 	1.577
memset 	0.069
msync 	1.577
memset 	0.069
msync 	1.581
memset 	0.069
msync 	3.131
memset 	0.069
msync 	1.650
memset 	0.069
msync 	1.577
