write 	0.167
fdatasync 	4.765
write 	0.168
fdatasync 	4.189
write 	0.174
fdatasync 	3.460
write 	0.171
fdatasync 	4.406
write 	0.179
fdatasync 	3.353
write 	0.179
fdatasync 	3.337
write 	0.172
fdatasync 	4.401
write 	0.177
fdatasync 	4.124
write 	0.176
fdatasync 	2.993
write 	0.173
fdatasync 	3.181
write 	0.172
fdatasync 	4.261
write 	0.170
fdatasync 	4.874
write 	0.169
fdatasync 	3.953
write 	0.171
fdatasync 	5.106
write 	0.170
fdatasync 	4.621
write 	0.170
fdatasync 	4.393
write 	0.170
fdatasync 	4.471
write 	0.171
fdatasync 	2.989
write 	0.170
fdatasync 	3.489
write 	0.171
fdatasync 	3.656
