write 	7.650
fdatasync 	10.853
write 	0.672
fdatasync 	16.171
write 	0.680
fdatasync 	15.964
write 	0.679
fdatasync 	17.570
write 	1.559
fdatasync 	15.727
write 	7.766
fdatasync 	9.752
write 	5.219
fdatasync 	10.837
write 	0.696
fdatasync 	14.624
write 	7.306
fdatasync 	11.497
write 	6.280
fdatasync 	13.374
write 	3.893
fdatasync 	11.371
write 	0.869
fdatasync 	14.130
write 	3.385
fdatasync 	11.047
write 	3.356
fdatasync 	11.176
write 	1.832
fdatasync 	13.028
write 	3.267
fdatasync 	11.126
write 	3.629
fdatasync 	11.544
write 	2.409
fdatasync 	13.127
write 	3.421
fdatasync 	11.371
write 	3.286
fdatasync 	11.031
