memset 	0.385
msync 	3.938
memset 	0.442
msync 	4.075
memset 	0.465
msync 	4.276
memset 	0.405
msync 	4.279
memset 	0.659
msync 	3.992
memset 	0.501
msync 	4.275
memset 	0.403
msync 	4.554
memset 	0.405
msync 	4.610
memset 	0.405
msync 	4.759
memset 	0.686
msync 	4.572
memset 	0.405
msync 	4.874
memset 	0.412
msync 	4.917
memset 	0.658
msync 	4.713
memset 	0.494
msync 	4.765
memset 	0.539
msync 	4.766
memset 	0.406
msync 	4.964
memset 	0.414
msync 	5.033
memset 	0.393
msync 	4.715
memset 	0.389
msync 	4.723
memset 	0.393
msync 	4.726
