Case #1: our language is impossible to understand
Case #2: there are twenty six factorial possibilities
Case #3: so it is okay if you want to just give up
Case #4: xoggk d yl wxo vkkvgo ekso uyl wonw sywy
Case #5: xkf yto akj
Case #6: yabba dabba yabba dabba yabba dabba yabba dabba yabba dabba yabba dabba yabba dabba yabba dooooooooo
Case #7: a b c d e f g h i j k l m n o p q r s t u v y w x y z now i know my abcs
Case #8: next time wont you sing with me
Case #9: oh hai im in ur computer eating your cheezburgers and googleresing your textz
Case #10: all your base are belong to error the spoony bard
Case #11: an eye for an eye and a pigeon for a pigeon
Case #12: translating text is not goros strength
Case #13: strength is goros strength
Case #14: my name is dug i have just met you and i looove you
Case #15: oh nooooo goggalor is headed for the orphanage
Case #16: oh my god lets make out
Case #17: greetings cheese popsicle the number you have dialed is currently out of porkchops
Case #18: how are you holding up because im a potato
Case #19: i have bested fruit spike and moon now i shall best you the guy
Case #20: pneumonoultramicroscopicsilicovolcanoconiosis
Case #21: right i forgot here in the states you call it a sausage in the mouth
Case #22: oh yeah alright were gonna shake it up with the party bear tonight
Case #23: you better cut the pizza in four pieces because im not hungry enough to eat six
Case #24: let lips do what hands do
Case #25: swift as the wind quiet as the forest steady as the mountain
Case #26: why do programmers always mix up halloween and christmas
Case #27: by the pricking of my thumbs something wicked this way comes
Case #28: in a world of direwolves and lions sometimes the rarest creature is a friend
Case #29: you pissed off the chicken lady
Case #30: this here is gunpowder activated twenty seven caliber full auto no kickback nailthrowing mayhem
