Case #1: [E, A]
Case #2: [R, I, R]
Case #3: [F, D, T]
Case #4: [Z, E, R, A]
Case #5: []
Case #6: [R]
Case #7: [Q, U, K]
Case #8: [B, X, K, Q, U, A, R, S, G, H, R, Z, V, J, D, Q, L, G, K, X, O, L, J, U, C, O, X, R, G, J, I, H, T, A, H, D, I, N, E, H, R, U, L, Y, G, M, E, O, G, Q]
Case #9: [O, H, C]
Case #10: [M, C, Z, M, K, K, X]
Case #11: [S, K, P, S, I, Z, X, M, T]
Case #12: [Z, J, L]
Case #13: [E, D]
Case #14: [B, E, U, O, T, E, O, D, R, I, N, K, Y, O, U, R, O, V, K, F, T, I, N, E]
Case #15: [U, E]
Case #16: [W, H, I, C, H, S, E, A, T, S, H, O, U, L, D, I, T, A, A, A, A, A, A, A, A, A, A, A, A, A, A, A, A, A, A, A, A, A, A, A, A, A, A, A, A, A, A, A, A, A, A, A, A, A, A, A, A, A, A, A, A, A, A, K, E]
Case #17: [U, L, C]
Case #18: [Q, W, H, J, B]
Case #19: [Z, M, X, G, E]
Case #20: [M, H, T, B, N, A]
Case #21: [F]
Case #22: [X, T, X, V]
Case #23: [J, M]
Case #24: [B, G, P, Z, C, Q, O, C, D, X, D, M, U, X, F, D, V]
Case #25: [A]
Case #26: [T, Y, S, H]
Case #27: [N, A, N, A, N, A, N, A, N, A, N, A, N, A, N, A, N, A, N, A, N, A, N, A, N, A, N, A, N, A, N, A, N, A, N, A, N, A, N, A, B, A, T, M, A, N]
Case #28: [W, A]
Case #29: [M, N, R]
Case #30: [Z, Z, Z, Z, Z]
Case #31: [J, E, N, B, D, Z, R, F, V, Q, F, E, O, Z, B, R]
Case #32: [J, U, M, P, I, X, K, E]
Case #33: [W]
Case #34: []
Case #35: [Q, Q, T, E]
Case #36: [Z, Z, Z, Z, Z, Z, Z, Z, Z, Z, Z, Z, Z, Z, Z, Z, Z, Z, Z, Z, Z, Z, Z, Z, Z, Z, Z, Z, Z, Z, Z, Z, Z, Z, Z, Z, Z, Z, Z, Z, Z, Z, Z, Z, Z, Z]
Case #37: []
Case #38: [C, U, C, E, A]
Case #39: [K, M, X, K, O, N, C, U, Y, S, O]
Case #40: [Q, O, A, L]
Case #41: []
Case #42: [M, B]
Case #43: []
Case #44: [A, A, A, A, A, A, A, A, A, A]
Case #45: [E, D]
Case #46: [X, T, V]
Case #47: [Q, Q, W, E, R, G, D, F, S]
Case #48: [G, D]
Case #49: [C, M, H, V]
Case #50: [W, W, Z, Z]
Case #51: [V, W, O, C, U, G, L, Z, V, L, R, S, N, O, S]
Case #52: [F]
Case #53: [B, J, B, T, M, T, T, O, H, E, Z, W, E, H, B]
Case #54: [L, L, I, U, Z, M, U]
Case #55: [V, I, I, H, N, K, V, L]
Case #56: [Q, M, U, B, B, Y, R, C, N, O, B, S, K, D, H, O, G, L, Z, V, K, D, C, M, C, J, A, B, J, E, T, C, U, P, P, G, H, Y, C, X, C, J, L, W, B, L, Y, C, J, S]
Case #57: []
Case #58: []
Case #59: [T, W]
Case #60: [A, W, A, R, E, N, E, S, S]
Case #61: [U, I, I, H, P, Y, B, B, X, P, Z, I, B, O, C, B, X, X, T, I, O, I, K, B, X, L, L, I, L, B, L, Y, L, X, I, O, I, X, H, X, Z, G, O, I, H, I, P, N]
Case #62: []
Case #63: [D, V, D, D]
Case #64: [C, P, F]
Case #65: [S, L, B]
Case #66: [Q]
Case #67: [O, H, T]
Case #68: []
Case #69: [R, A, A, J, G, Y, R, P, T, S]
Case #70: [A, O]
Case #71: [A, O]
Case #72: []
Case #73: [N, U, U, J, Z, C, Z, Z, B, Z, H, U, O, N, Z, M, Z, Z, Z, B, U, L, Y, M, V, O, V, H, V, N, T, T, G, O, U, N, Y, K, C, Z, V, C, C, M, C, L, Z, L, B]
Case #74: [H, N, I, I, E, V, T, S, I, H, L, D, I, M, S, A, C, R, Z, V, S, Z, T, M, A, M, T, K, X, T, I, K, V, P, R, P, K, Z, J, W, L, J, I, O, O, L, Y, X, F]
Case #75: [O]
Case #76: [O, N]
Case #77: [M, I, C, T, L, E, R, V, L, W, V, X, J, Y, H, B, J, W, F, L, B, D, T, Q, H, D, E, C, H, B, I, P, U, F, J, I, R, I, Y, I, L, C, U, I, B, C, W, C, V, R]
Case #78: [N, V]
Case #79: []
Case #80: []
Case #81: [T, P, O, I]
Case #82: [D, E, A, F, D, E, A, R, S]
Case #83: [Z, H, P, L, C, V, J, Y, L, H, T, S]
Case #84: [F, R, I, D, A, Y, F, R, I, D, A, Y, G, O, T, T, A, G, E, T, D, O, W, N, O, N, F, R, I, D, A, Y]
Case #85: []
Case #86: []
Case #87: [L]
Case #88: [J, O, E, G, Q, T]
Case #89: []
Case #90: [Q]
Case #91: [O, A, G, F, M, L, J, B, Q, K, U, F, B, H, V, V, F, M, S, Z, L]
Case #92: [L, V, L, U, P, Z]
Case #93: [M, S]
Case #94: [J, M, P, B, I, J, X, B]
Case #95: [T, H, E, C, A, K, E, I, S, A, L, I, E]
Case #96: [D, R, P, P, S]
Case #97: []
Case #98: [I, L, O, N]
Case #99: [R, I]
Case #100: [R, I]
