Case #1: [E, A]
Case #2: [R, I, R]
Case #3: [F, D, T]
Case #4: [Z, E, R, A]
Case #5: []
Case #6: [W, R, E, A, S, R, E, A, V]
Case #7: [Z, Z, Z, Z, Z]
Case #8: [W, P, F, D, Q, Q, Q, S, W]
Case #9: [Q, Q, W, E, R, G, D, F, S]
Case #10: [D, F, E, F, D, P, S, Q, R]
Case #11: [Q, W, I, R, Q, R, S]
Case #12: [Q, M, R, R, E, W, W, E, S]
Case #13: [S]
Case #14: [Q, W, S, W, Q, D, M]
Case #15: [Y, Q, D, F, F, E, W, F, D]
Case #16: [Q, A, S, W, A, D, Q, O, W]
Case #17: [R]
Case #18: []
Case #19: [U, E, R, R, R, R, S, E, S]
Case #20: [D, R, G, E, R, S, E, D, R]
Case #21: [K, W, W, E, W, S, K, S]
Case #22: [Q, D, D, S, O, S, R, A, E]
Case #23: [W, S, Q, F, B, Q, W, W, S]
Case #24: [W, R, E, A, R, M, Q, S, F]
Case #25: [O]
Case #26: [S, S, S]
Case #27: [E, N, E]
Case #28: [E, Z, Z, F]
Case #29: [Q, W, D, S]
Case #30: [A]
Case #31: [R, E]
Case #32: []
Case #33: [R]
Case #34: [R, X]
Case #35: []
Case #36: [A]
Case #37: [A, A, A, A, A, A, A, A, A, A]
Case #38: [F, D, X, E, Q, A, D, E, D]
Case #39: [W, S, I, D, D, R, D, Q, D]
Case #40: []
Case #41: [S, Q, E, F, F, F, E, J, D]
Case #42: [A, D, S, W, Z, E, A]
Case #43: [D, R, P, P, S]
Case #44: [O, W]
Case #45: [R]
Case #46: [D, W, F, R, Q, W, Q, R, H]
Case #47: [Y]
Case #48: [B, D, Q]
Case #49: [A, S, Q, F, Q, L, L, Q]
Case #50: [Q, A, A, F, E]
Case #51: [Q, S, S, Q, D, R, F, J, R]
Case #52: [R, Q, E, E]
Case #53: [F, A, S, X]
Case #54: [F]
Case #55: [R, F, A, E, W, W, R, C, F]
Case #56: [A, R]
Case #57: [V, W, D, V, S, S, W, R]
Case #58: [E]
Case #59: [Z, D, Q, F, A]
Case #60: [A, D, R, R, S]
Case #61: [Q, A, W, Q, Q, B, Q, B]
Case #62: [F]
Case #63: [D]
Case #64: [D, E, E, F, S, W, L, A, E]
Case #65: []
Case #66: [W, Q, W, Q, E]
Case #67: [E, R, S, F, U, F, U, D]
Case #68: [R, F, W, Q, Q, R, D, R, I]
Case #69: [A, H, Q, W, R, Q, Q, R, D]
Case #70: [R, E]
Case #71: [F, A, E, S, A, Y, D, E, F]
Case #72: [A]
Case #73: [R, A, M, W, F, Q, A, F, F]
Case #74: [D]
Case #75: [F, S, Y, E, E, W, Q, A, W]
Case #76: [E, D]
Case #77: [W, T, S, R, R, W, R, S, S]
Case #78: [F, Y, W, W, A, D, Q, F, W]
Case #79: [A, F, A, E]
Case #80: [A, R, F, R, Q, F, W, F, B]
Case #81: [D, F, F, W, N, Q, A, S, W]
Case #82: [Q]
Case #83: [A, W, A, R, E, N, E, S, S]
Case #84: [D, F, D, D, E, W, C, R, E]
Case #85: [Q, Q, O, F, Q, O, S, F]
Case #86: [R, D, S, S, R]
Case #87: [Q]
Case #88: [H, Q, D, F, E, E, S, F, D]
Case #89: [C, D, C]
Case #90: [Y, W, F, D, R, D, S, W, A]
Case #91: [A, F, E, S, K, K, R, E]
Case #92: [R, A, D, Q, S, Q, C, D, D]
Case #93: [A, W, E, S, E, C, Q, F, Q]
Case #94: [Q, E, Q]
Case #95: [F, E, F, E, T, A, Q, F, R]
Case #96: [R, E, A, S, W]
Case #97: [D, F, A, F, N, S, Q, W, F]
Case #98: [D, E, A, F, D, E, A, R, S]
Case #99: [M, A, R]
Case #100: []
