Case #1:
Impossible
Case #2:
.
Case #3:
./\..
.\//\
./\\/
.\/..
Case #4:
....../\/\./\../\/\/\.../\/\/\./\/\.
/\/\/\\/\/.\//\\/\/\//\.\/\/\/.\/\/.
\/\/\/./\./\.\/./\./\\/..../\./\./\.
/\/\./\\/.\/./\.\/.\//\./\.\/.\/.\/.
\/\/.\/../\..\/......\/.\/..../\./\.
./\.../\.\/./\../\/\.../\./\/\\/.\/.
.\/./\\//\/\\//\\/\//\.\/.\/\//\/\/\
../\\//\\/\//\\/./\.\/./\./\/\\/\/\/
/\\/..\//\/\\//\.\//\..\/.\/\/./\/\.
\//\/\/\\/\//\\/./\\//\/\./\...\/\/.
/\\/\/\/../\\/...\//\\/\/.\//\..../\
\/./\.../\\//\/\./\\//\.....\//\/\\/
/\.\//\.\/..\/\/.\//\\//\/\...\/\//\
\//\.\//\../\/\./\.\//\\/\/./\../\\/
..\/./\\//\\/\/.\/./\\//\/\.\//\\//\
/\./\\/..\//\/\./\.\//\\/\//\.\//\\/
\/.\/./\...\/\/.\/...\/....\//\.\//\
.../\.\//\...../\../\./\/\./\\/...\/
/\.\//\.\/./\/\\//\\/.\/\/.\/./\/\/\
\//\.\//\..\/\/..\//\./\......\/\/\/
/\\//\.\//\/\/\/\/\\/.\/./\/\/\./\/\
\//\\//\.\/\/\/\/\/../\/\\/\/\/.\/\/
/\\//\\/./\../\/\./\.\/\/.../\..../\
\//\\/./\\//\\/\/.\/./\/\/\.\/./\.\/
..\//\.\/..\/..../\..\/\/\//\/\\/./\
/\..\/../\/\./\/\\//\/\....\/\/./\\/
\/./\/\.\/\/.\/\//\\/\//\./\/\/\\/..
...\/\/..../\/\/\\//\..\/.\/\/\/../\
./\../\./\.\/\/\/..\//\/\./\../\/\\/
.\//\\/.\//\/\/\../\.\/\/.\//\\/\//\
/\.\//\/\.\/\/\//\\/./\/\./\\/./\.\/
\/...\/\/.......\/...\/\/.\/...\/...
Case #5:
Impossible
Case #6:
/\/\/\/\./\./\/\./\/\/\/\./\/\/\
\/\/\/\/.\/.\/\/.\/\/\/\/.\/\/\/
../\/\./\/\/\./\./\./\./\./\/\/\
/\\/\/.\/\/\/.\/.\/.\/.\/.\/\/\/
\/../\/\/\/\/\./\/\/\/\/\/\/\/\.
/\/\\/\/\/\/\/.\/\/\/\/\/\/\/\/.
\/\//\/\./\./\/\/\./\/\/\/\/\/\.
/\/\\/\/.\/.\/\/\/.\/\/\/\/\/\/.
\/\/../\/\./\./\/\/\./\/\/\./\..
/\/\/\\/\/.\/.\/\/\/.\/\/\/.\/..
\/\/\//\/\/\./\/\./\/\./\/\/\/\.
/\../\\/\/\/.\/\/.\/\/.\/\/\/\/.
\//\\//\/\/\/\/\/\/\/\/\/\/\./\.
/\\/..\/\/\/\/\/\/\/\/\/\/\/.\/.
\/../\/\/\/\../\./\/\/\/\/\/\/\.
/\/\\/\/\/\//\\/.\/\/\/\/\/\/\/.
\/\//\..../\\/../\/\/\/\/\/\./\.
/\/\\//\/\\//\/\\/\/\/\/\/\/.\/.
\/\//\\/\//\\/\//\/\./\./\/\/\/\
/\/\\//\/\\//\/\\/\/.\/.\/\/\/\/
\/\//\\/\//\\/\//\/\/\/\./\/\/\.
../\\/....\/../\\/\/\/\/.\/\/\/.
/\\//\/\/\/\/\\//\..../\./\/\/\.
\/..\/\/\/\/\/..\//\/\\/.\/\/\/.
/\/\/\/\../\/\/\/\\/\//\/\/\/\/\
\/\/\/\//\\/\/\/\//\..\/\/\/\/\/
../\../\\//\../\/\\//\/\/\/\/\/\
/\\//\\//\\//\\/\//\\/\/\/\/\/\/
\//\\//\\//\\//\..\//\../\/\/\/\
/\\//\\//\\/..\//\/\\//\\/\/\/\/
\/..\//\\//\/\/\\/\/..\/../\/\/\
/\/\/\\//\\/\/\/../\/\../\\/\/\/
\/\/\//\\//\/\../\\/\//\\//\../\
/\/\/\\//\\/\//\\//\..\/..\//\\/
\/\/\//\\//\/\\//\\//\../\/\\//\
/\/\/\\//\\/\/..\//\\//\\/\/..\/
\/\/\/..\//\/\/\/\\/..\/../\/\..
/\../\/\/\\/\/\/\//\/\../\\/\//\
\//\\/\/\//\/\/\/\\/\//\\/../\\/
..\//\/\/\\/\/\/\/../\\/../\\/..
/\/\\/\/\/......../\\//\/\\//\/\
\/\/../\/\/\/\/\/\\//\\/\//\\/\/
/\/\/\\/\/\/\/\/\//\\//\..\//\/\
\/\/\//\../\/\../\\/..\//\/\\/\/
/\/\..\//\\/\//\\//\/\..\/\//\/\
\/\//\..\/../\\//\\/\//\../\\/\/
....\/......\/..\/....\/..\/....
Case #7:
Impossible
Case #8:
....../\/\../\/\/\/\/\...
/\./\.\/\//\\/\/\/\/\/./\
\/.\//\/\.\/.../\/\../\\/
./\..\/\/..../\\/\//\\//\
.\//\./\../\.\//\/\\//\\/
...\/.\//\\/...\/\//\\/..
/\../\..\//\/\.....\/../\
\//\\//\..\/\/./\/\/\/\\/
..\/..\//\/\/\.\/\/\/\//\
./\../\.\/\/\//\../\...\/
.\//\\//\/\./\\//\\//\/\.
...\/..\/\/.\/..\//\\/\/.
./\/\./\./\/\/\/\.\/.../\
.\/\/.\/.\/\/\/\//\../\\/
../\./\/\/\......\//\\//\
/\\/.\/\/\/./\/\./\\//\\/
\//\/\/\../\\/\/.\/..\//\
/\\/\/\//\\//\/\./\/\/\\/
\/......\//\\/\/.\/\/\//\
../\/\/\/\\/.../\/\/\..\/
/\\/\/\/\//\/\.\/\/\//\..
\/...../\.\/\/./\/\..\//\
/\/\./\\//\/\/\\/\//\/\\/
\/\/.\/..\/\/\/./\.\/\/..
/\/\/\/\./\/\...\//\../\.
\/\/\/\/.\/\/./\/\\//\\/.
./\./\/\/\./\.\/\//\\/...
.\/.\/\/\/.\/.../\\//\./\
/\./\/\/\/\../\.\//\\/.\/
\/.\/\/\/\//\\//\.\//\...
/\/\/\/\...\//\\//\.\/./\
\/\/\/\/./\..\//\\/./\.\/
./\./\...\//\..\/...\/...
.\/.\//\/\.\/./\./\/\/\/\
......\/\/....\/.\/\/\/\/
Case #9:
......../\/\.../\../\.../\./\/\../\/\
/\/\/\/\\/\/./\\//\\//\.\/.\/\//\\/\/
\/\/\/\/./\/\\/..\//\\/../\/\/\\/./\.
....../\.\/\//\./\.\/../\\/\/\//\.\/.
./\./\\//\./\\/.\//\./\\/.../\.\//\/\
.\/.\//\\/.\//\/\.\/.\//\/\.\/./\\/\/
./\/\.\//\./\\/\/......\/\//\..\//\/\
.\/\/./\\/.\/./\/\/\./\/\/\\//\..\/\/
/\../\\/./\/\.\/\/\/.\/\/\//\\//\/\/\
\//\\/...\/\/..../\/\/\/\/\\//\\/\/\/
/\\//\/\./\./\./\\/\/\/\/\/..\//\/\/\
\/..\/\/.\/.\/.\/../\/\/\../\/\\/\/\/
./\/\/\...../\./\/\\/\/\//\\/\//\/\/\
.\/\/\/./\/\\/.\/\//\../\\/../\\/\/\/
........\/\/./\../\\//\\/./\.\//\/\..
/\/\/\./\/\..\//\\//\\/./\\/./\\/\//\
\/\/\/.\/\//\/\\/..\//\.\//\.\//\/\\/
/\/\.../\/\\/\/./\...\/...\/./\\/\//\
\/\/./\\/\/../\.\//\./\/\./\.\/....\/
./\/\\/.../\.\//\.\/.\/\/.\/.../\/\/\
.\/\//\./\\/...\/./\../\./\/\/\\/\/\/
/\/\.\/.\/./\./\/\\//\\/.\/\/\//\/\/\
\/\//\/\...\/.\/\/..\/.../\....\/\/\/
/\/\\/\//\.../\../\..../\\/./\./\/\/\
\/\/....\/./\\//\\//\/\\/...\/.\/\/\/
./\/\./\...\/..\//\\/\/./\/\.../\/\..
.\/\/.\/./\.../\.\/../\.\/\/./\\/\//\
./\/\....\//\.\/./\/\\/../\/\\/....\/
.\/\//\/\/\\/../\\/\//\/\\/\/../\/\/\
.../\\/\/\/../\\//\..\/\/..../\\/\/\/
/\.\//\..../\\//\\//\./\../\.\/.../\.
\/...\/./\.\//\\//\\/.\//\\/./\/\.\/.
./\./\/\\/...\//\\/./\..\//\.\/\/./\.
.\/.\/\//\./\/\\/./\\//\/\\/......\/.
.../\/\.\/.\/\/...\//\\/\/./\/\/\./\.
./\\/\/../\...../\..\/./\/\\/\/\/.\/.
.\/./\./\\/./\/\\/./\/\\/\/./\/\./\/\
....\/.\//\.\/\/./\\/\//\./\\/\/.\/\/
./\/\/\/\\//\....\//\/\\/.\/./\/\./\.
.\/\/\/\//\\/./\...\/\//\/\..\/\/.\/.
./\./\./\\/...\//\../\.\/\/./\/\/\...
.\/.\/.\//\/\...\//\\//\/\/\\/\/\/./\
./\./\...\/\//\./\\/..\/\/\/./\....\/
.\/.\/./\/\/\\/.\/../\/\./\/\\//\/\/\
./\./\.\/\/\//\.../\\/\/.\/\/..\/\/\/
.\/.\//\/\/\.\/./\\//\./\/\/\./\/\./\
......\/\/\/....\/..\/.\/\/\/.\/\/.\/
Case #10:
/\/\/\/\/\/\/\./\/\/\./\/\/\
\/\/\/\/\/\/\/.\/\/\/.\/\/\/
../\./\/\/\/\./\/\/\./\./\..
/\\/.\/\/\/\/.\/\/\/.\/.\/..
\//\/\/\./\/\/\/\/\./\/\./\.
/\\/\/\/.\/\/\/\/\/.\/\/.\/.
\/../\/\/\/\/\/\/\/\./\/\/\.
/\/\\/\/\/\/\/\/\/\/.\/\/\/.
\/\//\/\/\./\/\/\/\./\./\./\
/\/\\/\/\/.\/\/\/\/.\/.\/.\/
\/\//\/\/\/\/\/\./\/\/\./\..
/\/\\/\/\/\/\/\/.\/\/\/.\/..
\/\//\../\/\/\/\/\/\/\/\/\..
/\/\\//\\/\/\/\/\/\/\/\/\/..
\/\//\\//\../\/\/\/\./\/\./\
/\/\\/..\//\\/\/\/\/.\/\/.\/
\/\/../\/\\//\/\/\/\/\/\/\..
/\/\/\\/\//\\/\/\/\/\/\/\/..
\/\/\/../\\//\/\../\/\./\./\
/\/\/\/\\/..\/\//\\/\/.\/.\/
\/\/\/\/../\../\\//\/\./\./\
../\/\/\/\\//\\//\\/\/.\/.\/
/\\/\/\/\//\\/..\//\/\/\/\/\
\/../\../\\//\/\..\/\/\/\/\/
/\/\\//\\/..\/\//\/\/\/\/\..
\/\//\\//\/\....\/\/\/\/\/..
/\/\\//\\/\//\/\/\/\../\/\/\
\/\//\\//\/\\/\/\/\//\\/\/\/
../\\//\\/\//\/\....\//\/\..
/\\/..\//\..\/\//\/\..\/\//\
\//\/\/\\//\/\..\/\//\/\/\\/
..\/\/\/..\/\//\/\/\\/\/\//\
/\/\/\/\/\../\\/\/\//\/\/\\/
\/\/\/\/\//\\//\/\/\\/\/\//\
/\/\......\//\\/\/\/../\..\/
\/\//\/\/\/\\//\/\../\\//\/\
../\\/\/\/\//\\/\//\\//\\/\/
/\\//\/\....\//\/\\/..\//\..
\/..\/\/......\/\/......\/..
Case #11:
/\/\/\./\/\./\/\/\/\./\/\./\/\./\/\
\/\/\/.\/\/.\/\/\/\/.\/\/.\/\/.\/\/
/\/\/\./\/\/\/\/\/\./\/\/\/\/\/\/\.
\/\/\/.\/\/\/\/\/\/.\/\/\/\/\/\/\/.
..../\/\/\/\./\./\/\./\./\/\/\./\..
/\/\\/\/\/\/.\/.\/\/.\/.\/\/\/.\/..
\/\//\/\/\./\/\/\/\./\./\/\/\./\./\
/\..\/\/\/.\/\/\/\/.\/.\/\/\/.\/.\/
\//\/\../\/\/\/\/\/\./\/\./\/\/\/\.
/\\/\//\\/\/\/\/\/\/.\/\/.\/\/\/\/.
\//\/\\/../\/\./\./\./\/\/\/\/\/\..
..\/\/../\\/\/.\/.\/.\/\/\/\/\/\/..
/\/\/\/\\/../\./\./\/\./\/\/\./\/\.
\/\/\/\/../\\/.\/.\/\/.\/\/\/.\/\/.
/\/\/\/\/\\/../\/\/\/\/\/\/\/\./\..
\/\/\/\/\//\/\\/\/\/\/\/\/\/\/.\/..
/\/\../\/\\/\//\/\/\/\/\/\/\/\./\..
\/\//\\/\/....\/\/\/\/\/\/\/\/.\/..
/\/\\//\/\/\/\../\/\/\./\./\./\/\/\
\/\//\\/\/\/\//\\/\/\/.\/.\/.\/\/\/
/\/\\/..../\/\\//\/\/\/\/\/\/\/\./\
\/\//\/\/\\/\//\\/\/\/\/\/\/\/\/.\/
/\/\\/\/\//\..\//\../\/\./\./\/\./\
\/\//\....\//\/\\//\\/\/.\/.\/\/.\/
/\/\\//\/\/\\/\/..\/../\/\./\/\/\/\
\/\/..\/\/\/..../\/\/\\/\/.\/\/\/\/
/\../\/\/\/\/\/\\/\/\/..../\/\/\./\
\//\\/\/\/\/\/\/..../\/\/\\/\/\/.\/
/\\/../\/\../\/\/\/\\/\/\/../\/\/\.
\/../\\/\//\\/\/\/\/../\/\/\\/\/\/.
/\/\\/../\\//\/\..../\\/\/\//\/\./\
\/\//\/\\/..\/\//\/\\//\/\/\\/\/.\/
/\/\\/\/../\/\/\\/\/..\/\/\//\/\/\.
\/\//\/\/\\/\/\//\/\/\/\/\/\\/\/\/.
/\..\/\/\/......\/\/\/\/\/\//\/\...
\//\../\../\/\/\../\/\/\/\/\\/\//\.
/\\//\\//\\/\/\//\\/\/\/\/\//\/\\/.
\/..\/..\//\/\/\\//\/\/\/\/\\/\//\.
/\/\../\/\\/\/\//\\/\/\/\/\//\/\\/.
\/\//\\/\//\/\/\\//\/\......\/\//\.
/\/\\//\/\\/\/\//\\/\//\/\/\/\/\\/.
\/\//\\/\/../\..\//\..\/\/\/\/\/...
/\/\\/../\/\\//\..\//\../\/\/\/\/\.
\/\/../\\/\//\\//\..\//\\/\/\/\/\/.
/\/\/\\/../\\//\\//\/\\//\/\../\...
\/\/\//\/\\//\\/..\/\//\\/\//\\//\.
/\../\\/\/..\//\/\/\/\\//\/\\/..\/.
\/..\/........\/\/\/\/..\/\/.......
Case #12:
/\./\./\./\./\/\/\/\/\/\/\/\.
\/.\/.\/.\/.\/\/\/\/\/\/\/\/.
/\/\/\/\/\/\./\/\./\/\./\/\/\
\/\/\/\/\/\/.\/\/.\/\/.\/\/\/
/\/\/\/\/\/\/\/\./\/\/\./\/\.
\/\/\/\/\/\/\/\/.\/\/\/.\/\/.
/\/\/\/\/\./\./\/\/\/\/\./\/\
\/\/\/\/\/.\/.\/\/\/\/\/.\/\/
/\../\/\/\/\/\/\./\/\/\./\/\.
\//\\/\/\/\/\/\/.\/\/\/.\/\/.
/\\//\../\/\./\/\./\/\/\./\..
\//\\//\\/\/.\/\/.\/\/\/.\/..
..\//\\/../\/\/\/\/\./\/\/\/\
/\/\\//\/\\/\/\/\/\/.\/\/\/\/
\/\/..\/\/../\/\/\/\/\./\/\/\
/\/\/\..../\\/\/\/\/\/.\/\/\/
\/\/\//\/\\//\/\/\/\./\/\./\.
/\/\/\\/\/..\/\/\/\/.\/\/.\/.
\/\/\//\/\/\/\/\/\/\./\/\/\/\
../\..\/\/\/\/\/\/\/.\/\/\/\/
/\\//\/\../\/\/\/\/\/\/\./\..
\/..\/\//\\/\/\/\/\/\/\/.\/..
/\/\/\..\/../\/\../\../\/\/\.
\/\/\//\../\\/\//\\//\\/\/\/.
/\/\..\//\\//\/\\/..\//\/\./\
\/\//\/\\//\\/\/../\/\\/\/.\/
/\/\\/\//\\/../\/\\/\/../\/\.
\/\//\..\//\/\\/\//\/\/\\/\/.
/\/\\//\..\/\//\/\\/\/\//\/\.
\/\/..\//\../\\/\//\/\..\/\/.
../\/\..\//\\//\/\\/\//\.....
/\\/\//\/\\/..\/\//\..\//\/\.
\/....\/\/........\/....\/\/.
Case #13:
./\/\./\/\/\/\../\./\...../\.../\./\.../\../\./\
.\/\/.\/\/\/\//\\/.\//\./\\/./\\/.\//\.\//\\/.\/
./\.../\./\/\.\//\/\.\/.\//\.\/.../\\/./\\/../\.
.\//\.\/.\/\/./\\/\/./\/\.\/./\/\.\//\.\/../\\/.
./\\/./\/\....\/.../\\/\/./\.\/\/./\\/./\/\\//\.
.\//\.\/\//\/\/\/\.\/./\/\\/./\./\\/./\\/\/..\/.
/\.\//\...\/\/\/\/../\\/\/...\/.\/./\\/../\/\...
\/...\//\/\../\/\./\\/..../\...../\\//\/\\/\//\.
/\/\...\/\//\\/\/.\/./\./\\/./\/\\//\\/\/./\.\/.
\/\//\.....\//\/\....\/.\//\.\/\/..\//\...\/./\.
/\/\\//\./\..\/\/./\..../\\/./\/\/\..\//\/\/\\/.
\/\/..\/.\//\.../\\/./\.\//\.\/\/\/./\.\/\/\/...
/\./\./\/\.\/./\\/./\\//\.\/./\/\/\.\/./\/\/\./\
\/.\/.\/\//\..\/...\/..\//\..\/\/\//\/\\/\/\/.\/
/\/\/\/\/\\//\/\/\./\./\.\/./\/\...\/\//\/\./\/\
\/\/\/\/\//\\/\/\/.\/.\/./\.\/\//\/\...\/\/.\/\/
/\/\/\/\..\/../\./\/\....\/./\/\\/\//\/\/\./\/\.
\/\/\/\/./\/\.\/.\/\/./\....\/\/./\.\/\/\/.\/\/.
../\/\...\/\/../\/\/\.\/./\..../\\/...../\/\/\..
/\\/\//\/\/\./\\/\/\//\/\\/./\.\/./\./\.\/\/\//\
\/....\/\/\/.\//\/\/\\/\/...\/../\\/.\/.../\/\\/
./\./\/\/\/\/\.\/\/\//\/\./\./\.\/../\/\/\\/\/..
.\/.\/\/\/\/\//\/\...\/\/.\/.\//\./\\/\/\//\/\/\
..../\/\/\./\.\/\//\/\/\/\/\./\\/.\/./\/\.\/\/\/
./\.\/\/\/.\/.../\\/\/\/\/\/.\//\/\/\\/\/./\/\/\
.\//\./\....../\\//\.../\../\/\\/\/\/../\.\/\/\/
./\\/.\//\/\/\\/..\//\.\//\\/\//\./\/\.\/.../\..
.\//\/\.\/\/\//\./\.\/...\/./\.\/.\/\//\./\.\//\
/\.\/\/.../\..\/.\//\/\./\..\//\../\/\\/.\/...\/
\//\/\./\.\//\/\./\\/\/.\//\..\//\\/\//\/\/\./\.
/\\/\/.\/...\/\/.\/./\./\.\/./\.\//\/\\/\/\/.\/.
\//\./\../\/\/\/\/\.\/.\//\/\\//\.\/\/./\.../\/\
/\\/.\//\\/\/\/\/\/./\/\.\/\//\\//\/\/\\//\.\/\/
\//\./\\/../\./\./\.\/\//\/\.\//\\/\/\/..\/../\.
..\/.\/./\.\/.\/.\/.....\/\//\.\/....../\./\.\/.
./\/\/\.\/.../\../\./\/\/\/\\/../\./\/\\/.\//\/\
.\/\/\/../\/\\//\\/.\/\/\/\//\/\\/.\/\/./\..\/\/
/\/\/\./\\/\/..\/./\../\/\..\/\/..../\/\\/./\/\.
\/\/\/.\/.../\....\//\\/\//\/\./\/\.\/\/./\\/\/.
/\./\./\../\\//\./\.\/../\\/\/.\/\/......\/./\/\
\/.\/.\//\\/..\/.\//\./\\/.../\/\.../\/\./\.\/\/
...../\.\/./\/\/\/\\/.\//\/\.\/\//\.\/\/.\/../\.
/\/\.\/./\.\/\/\/\//\./\\/\/../\.\/../\.../\.\/.
\/\//\/\\/..../\/\.\/.\/.../\.\/.../\\//\.\/./\.
/\/\\/\//\./\.\/\/./\./\/\.\//\../\\//\\/./\.\/.
\/\/./\.\/.\//\../\\/.\/\/...\//\\/..\/...\//\/\
/\/\.\/.../\.\//\\//\/\./\./\/\\/./\./\./\..\/\/
\/\/.../\.\/./\\//\\/\/.\/.\/\//\.\/.\/.\/./\/\.
/\/\/\.\//\/\\//\\/./\/\/\/\./\\/./\/\/\/\.\/\/.
\/\/\/...\/\/..\/...\/\/\/\/.\/...\/\/\/\/......
Case #14:
/\./\/\/\/\/\./\../\/\/\./\.../\/\./\../\.
\/.\/\/\/\/\/.\//\\/\/\/.\/./\\/\/.\//\\/.
/\.../\../\./\..\//\../\./\.\/.......\/./\
\/./\\//\\/.\//\/\\//\\/.\/./\./\/\./\/\\/
/\.\//\\//\...\/\/..\/./\...\/.\/\/.\/\//\
\/./\\/..\/./\/\.../\..\//\.../\./\./\..\/
...\//\/\/\.\/\//\.\//\/\\/./\\/.\/.\/./\.
/\/\.\/\/\/.../\\//\.\/\/...\//\./\/\/\\/.
\/\//\/\/\/\/\\//\\//\.../\/\.\/.\/\/\/./\
/\..\/\/\/\/\//\\/..\//\.\/\//\./\.../\.\/
\//\/\../\/\/\\//\/\/\\//\/\.\/.\/./\\/...
/\\/\//\\/\/\//\\/\/\//\\/\/./\/\/\\//\/\.
\//\/\\/../\/\\/.../\.\/./\/\\/\/\/..\/\/.
/\\/\/./\.\/\//\/\.\/....\/\//\/\/\./\./\.
\/../\.\/./\/\\/\//\/\./\./\.\/\/\/.\/.\/.
./\.\/./\.\/\//\..\/\/.\/.\/./\/\./\..../\
.\//\..\/../\.\/./\/\/\/\./\.\/\/.\//\/\\/
./\\//\./\.\//\/\\/\/\/\/.\/./\/\./\\/\//\
.\//\\/.\/./\\/\/.../\/\/\...\/\/.\//\/\\/
...\//\/\/\\/../\./\\/\/\//\./\/\...\/\//\
/\/\.\/\/\/../\\/.\/./\/\.\/.\/\/./\/\..\/
\/\/.../\../\\/.../\.\/\//\../\/\.\/\/./\.
../\/\.\//\\/.../\\/./\..\//\\/\//\/\/\\/.
/\\/\//\.\/./\/\\/./\\//\/\\//\..\/\/\/...
\/./\.\//\/\\/\/...\/..\/\//\\//\/\/\./\/\
/\.\/./\\/\/..../\/\/\.../\\//\\/\/\/.\/\/
\//\/\\//\/\/\/\\/\/\/./\\//\\//\/\./\/\/\
..\/\/..\/\/\/\/.......\/..\/..\/\/.\/\/\/
Case #15:
......../\./\./\/\/\./\.../\...../\.../\/\./\/\..
/\/\/\/\\/.\/.\/\/\/.\//\.\//\/\.\/./\\/\/.\/\//\
\/\/\/\/./\/\/\/\..../\\/...\/\/../\\/./\......\/
/\/\/\...\/\/\/\//\/\\//\/\/\/\./\\/./\\/./\./\..
\/\/\//\/\./\/\/\\/\/..\/\/\/\/.\//\.\/...\/.\//\
/\/\..\/\/.\/\/\//\/\/\/\/\/\/\...\/.../\/\/\..\/
\/\/./\/\/\.../\.\/\/\/\/\/\/\//\.../\.\/\/\//\/\
./\/\\/\/\//\.\/./\/\./\/\./\..\//\.\/...../\\/\/
.\/\//\/\/\\//\/\\/\/.\/\/.\/./\.\/..../\/\\/....
./\/\\/\/\/..\/\//\/\../\../\.\/./\./\.\/\//\/\/\
.\/\/../\./\/\/\.\/\//\\//\\/....\/.\/.../\\/\/\/
/\./\/\\/.\/\/\/.....\//\\/.../\/\...../\\//\/\/\
\/.\/\/....../\./\/\...\/../\.\/\//\/\.\//\\/\/\/
/\/\/\/\/\./\\/.\/\//\/\./\\/./\..\/\//\.\/.../\.
\/\/\/\/\/.\//\.../\\/\/.\//\.\//\/\..\/./\/\.\/.
./\/\........\/./\\//\.../\\//\.\/\/./\..\/\//\/\
.\/\/./\./\/\...\//\\/./\\/..\/./\./\\/./\/\.\/\/
.../\.\/.\/\/./\/\\/...\/./\./\.\/.\//\.\/\/./\..
./\\//\/\/\./\\/\/.../\...\/.\//\./\.\//\/\..\//\
.\/..\/\/\/.\/../\/\.\//\../\/\\/.\/./\\/\/./\.\/
./\./\/\/\/\../\\/\/./\\//\\/\/./\/\.\/./\..\/./\
.\/.\/\/\/\//\\//\/\.\//\\/./\..\/\//\/\\//\/\.\/
.../\/\/\...\/..\/\//\.\/./\\/./\/\.\/\/..\/\//\.
/\.\/\/\/./\../\../\\/../\\//\.\/\/..../\.../\\/.
\/..../\..\//\\//\\/./\.\/..\//\/\../\.\//\.\//\.
/\./\.\//\/\\/..\//\.\/../\./\\/\//\\//\.\/...\/.
\/.\/...\/\/../\..\/./\/\\/.\/./\.\/..\//\../\/\.
./\/\/\./\/\/\\//\./\\/\//\/\/\\/./\/\/\\//\\/\/.
.\/\/\/.\/\/\/..\/.\/....\/\/\/...\/\/\/..\/.....
Case #16:
....../\/\/\.../\..../\/\..../\.../\/\
./\/\.\/\/\//\.\//\/\\/\/./\.\//\.\/\/
.\/\/./\/\/\\/./\\/\/./\/\\/./\\//\...
.../\.\/\/\//\.\/../\.\/\//\.\/..\//\.
./\\/../\./\\//\./\\//\/\.\//\./\/\\/.
.\/./\.\/.\//\\/.\/..\/\//\.\/.\/\/...
./\.\//\....\//\/\/\/\/\.\/./\/\/\./\.
.\//\.\//\./\.\/\/\/\/\//\..\/\/\/.\/.
...\//\.\/.\/./\.../\/\.\//\../\/\/\/\
./\/\\/...../\\/./\\/\/...\//\\/\/\/\/
.\/\/./\/\/\\//\.\/...../\..\//\......
./\/\.\/\/\/..\/../\./\.\//\/\\//\/\/\
.\/\//\....../\/\.\/.\/...\/\//\\/\/\/
/\./\\/./\./\\/\//\/\.../\/\..\/.../\.
\/.\//\.\/.\/./\.\/\/./\\/\//\/\/\.\/.
/\./\\/./\/\/\\//\/\..\/....\/\/\/../\
\/.\/./\\/\/\//\\/\//\./\/\......./\\/
/\....\/./\/\.\/....\/.\/\/./\/\/\\//\
\/./\/\..\/\/..../\/\./\/\..\/\/\//\\/
./\\/\//\./\/\/\.\/\/.\/\/./\.....\/..
.\/./\.\/.\/\/\//\.../\/\..\//\/\./\/\
/\..\/.../\./\/\\//\.\/\//\..\/\/.\/\/
\//\/\/\.\/.\/\/..\//\./\\/./\../\./\.
/\\/\/\/.../\./\./\.\/.\//\.\//\\/.\/.
\/....../\.\/.\/.\/..../\\//\.\/......
/\/\/\/\\/.../\/\/\/\/\\//\\//\/\/\./\
\/\/\/\//\./\\/\/\/\/\//\\//\\/\/\/.\/
..../\..\/.\/./\../\/\.\/..\/../\./\/\
/\/\\/./\./\..\//\\/\/..../\./\\/.\/\/
\/\//\.\/.\/./\.\/./\/\/\.\/.\//\./\/\
/\..\/./\/\/\\//\/\\/\/\/./\/\.\/.\/\/
\//\...\/\/\//\\/\//\/\/\.\/\//\..../\
..\//\/\/\/\.\//\..\/\/\//\/\.\/./\.\/
./\.\/\/\/\/...\/./\.../\\/\//\..\/./\
.\/./\/\/\./\/\/\.\//\.\/./\.\//\...\/
/\/\\/\/\/.\/\/\/...\/../\\//\.\/./\/\
\/\/./\/\../\...../\./\.\//\\/./\.\/\/
/\/\.\/\//\\/./\/\\/.\/./\\/...\/.....
\/\/.....\/...\/\/./\/\.\/./\./\/\/\/\
/\../\./\/\/\/\./\.\/\//\..\/.\/\/\/\/
\//\\/.\/\/\/\/.\//\/\.\//\/\...../\/\
/\\//\/\/\.../\./\\/\/./\\/\/./\/\\/\/
\/..\/\/\/./\\/.\/.../\\/.....\/\//\/\
./\./\/\/\.\/.../\./\\/.../\/\/\..\/\/
.\/.\/\/\/./\./\\/.\//\/\.\/\/\//\/\..
/\/\./\../\\/.\/.....\/\//\/\/\.\/\//\
\/\/.\//\\/./\./\./\.....\/\/\/.../\\/
/\../\.\//\.\/.\/.\//\/\./\..../\.\/..
\//\\//\.\//\/\./\/\\/\/.\//\/\\//\/\.
..\/..\/...\/\/.\/\/.......\/\/..\/\/.
Case #17:
/\....../\/\/\../\./\...../\../\/\/\...
\//\./\.\/\/\//\\/.\//\/\.\//\\/\/\/./\
/\\/.\//\../\.\/./\..\/\/...\//\/\...\/
\//\./\\//\\//\/\\//\.../\./\.\/\//\./\
/\\/.\//\\//\\/\/..\//\.\/.\/.....\/.\/
\//\/\.\/..\/./\./\..\/./\../\./\/\../\
..\/\//\/\/\/\\/.\/./\/\\//\\/.\/\//\\/
/\/\..\/\/\/\/./\./\\/\/..\//\/\/\.\//\
\/\/./\/\/\/\..\/.\/..../\/\\/\/\/./\\/
/\/\.\/\/\/\//\./\/\/\/\\/\/./\./\.\//\
\/\//\../\...\/.\/\/\/\/./\/\\/.\/...\/
../\\//\\//\../\/\/\/\/\.\/\/..../\/\/\
/\\/..\//\\//\\/\/\/\/\//\/\./\/\\/\/\/
\/./\./\\/..\//\/\..../\\/\/.\/\//\/\/\
...\/.\/./\...\/\//\/\\/..../\...\/\/\/
/\/\./\/\\//\.../\\/\/.../\.\/./\./\/\.
\/\/.\/\/..\//\.\//\../\.\//\/\\/.\/\/.
/\..../\/\...\/...\//\\/...\/\/..../\/\
\//\/\\/\//\/\/\/\/\\/./\./\/\/\/\.\/\/
/\\/\//\/\\/\/\/\/\/./\\/.\/\/\/\/../\.
\//\..\/\//\/\..../\.\//\../\/\./\/\\/.
/\\/./\/\.\/\/./\.\/./\\//\\/\/.\/\/./\
\/...\/\/../\..\//\/\\//\\//\../\/\/\\/
./\/\..../\\/./\.\/\//\\/..\//\\/\/\//\
.\/\/./\.\/...\/.....\/./\/\.\/./\./\\/
..../\\//\/\/\./\./\/\/\\/\/./\.\/.\/..
/\/\\//\\/\/\/.\/.\/\/\/./\/\\//\./\/\.
\/\/..\//\..../\.../\/\/\\/\//\\/.\/\/.
/\/\./\.\//\/\\//\.\/\/\/./\.\/..../\/\
\/\/.\/./\\/\//\\//\./\/\.\//\/\/\.\/\/
........\/....\/..\/.\/\/...\/\/\/.....
Case #18:
/\/\/\/\/\./\/\/\./\./\/\./\/\./\
\/\/\/\/\/.\/\/\/.\/.\/\/.\/\/.\/
/\/\./\/\./\/\./\/\/\/\./\./\/\/\
\/\/.\/\/.\/\/.\/\/\/\/.\/.\/\/\/
/\/\/\./\/\/\./\/\/\/\/\/\/\./\/\
\/\/\/.\/\/\/.\/\/\/\/\/\/\/.\/\/
/\/\/\/\/\/\/\/\./\/\/\./\/\/\/\.
\/\/\/\/\/\/\/\/.\/\/\/.\/\/\/\/.
/\/\../\/\./\/\/\/\./\./\/\/\/\/\
\/\//\\/\/.\/\/\/\/.\/.\/\/\/\/\/
/\/\\//\../\/\/\./\./\./\/\/\/\..
\/\//\\//\\/\/\/.\/.\/.\/\/\/\/..
../\\//\\/../\./\./\/\/\/\./\./\.
/\\//\\/../\\/.\/.\/\/\/\/.\/.\/.
\/..\/../\\//\/\/\./\/\/\/\/\./\.
/\/\../\\//\\/\/\/.\/\/\/\/\/.\/.
\/\//\\/..\/../\/\./\/\./\/\/\/\.
/\/\\//\/\../\\/\/.\/\/.\/\/\/\/.
\/\/..\/\//\\//\/\/\/\/\./\/\/\/\
/\../\/\..\//\\/\/\/\/\/.\/\/\/\/
\//\\/\//\/\\/../\/\/\/\./\./\/\.
..\//\/\\/\/../\\/\/\/\/.\/.\/\/.
/\..\/\//\../\\/../\/\/\/\/\/\/\.
\//\....\//\\//\/\\/\/\/\/\/\/\/.
/\\//\/\/\\/..\/\//\../\/\./\/\/\
\/..\/\/\/../\/\/\\//\\/\/.\/\/\/
/\/\/\/\../\\/\/\//\\/../\/\/\/\.
\/\/\/\//\\//\/\..\//\/\\/\/\/\/.
..../\/\\//\\/\//\/\\/\//\/\/\/\.
/\/\\/\/..\//\/\\/\//\..\/\/\/\/.
\/\//\../\..\/\//\/\\//\/\/\../\.
../\\//\\//\/\/\\/\//\\/\/\//\\/.
/\\/..\//\\/\/\//\/\\//\....\/...
\//\/\/\\//\/\/\\/\/..\//\/\/\/\.
..\/\/\/..\/\/\/........\/\/\/\/.
Case #19:
Impossible
Case #20:
Impossible
Case #21:
Impossible
Case #22:
Impossible
Case #23:
Impossible
Case #24:
/\/\/\/\/\/\/\/\./\/\/\/\/\/\./\
\/\/\/\/\/\/\/\/.\/\/\/\/\/\/.\/
/\/\/\/\/\/\/\./\/\/\/\./\/\/\/\
\/\/\/\/\/\/\/.\/\/\/\/.\/\/\/\/
/\/\/\./\/\/\./\/\/\/\/\/\/\./\.
\/\/\/.\/\/\/.\/\/\/\/\/\/\/.\/.
....../\./\/\./\/\./\./\/\/\/\..
/\/\/\\/.\/\/.\/\/.\/.\/\/\/\/..
\/\/\/../\./\/\/\/\/\/\/\/\./\/\
/\/\/\/\\/.\/\/\/\/\/\/\/\/.\/\/
\/\/\/\//\/\/\/\/\./\./\/\/\./\.
/\../\..\/\/\/\/\/.\/.\/\/\/.\/.
\//\\//\../\/\./\./\/\/\/\/\/\/\
/\\//\\//\\/\/.\/.\/\/\/\/\/\/\/
\//\\//\\/../\/\/\/\/\/\/\/\/\/\
/\\/..\/../\\/\/\/\/\/\/\/\/\/\/
\/../\/\/\\/../\/\/\./\./\/\/\..
../\\/\/\//\/\\/\/\/.\/.\/\/\/..
/\\//\/\/\\/\//\/\/\/\./\/\./\/\
\//\\/\/\//\..\/\/\/\/.\/\/.\/\/
..\/......\//\/\/\/\/\./\/\./\..
/\/\/\/\/\/\\/\/\/\/\/.\/\/.\/..
\/\/\/\/\/\/../\../\/\/\/\./\./\
/\/\/\/\/\/\/\\//\\/\/\/\/.\/.\/
\/\/\/\/\/\/\//\\//\../\/\./\./\
/\/\/\/\/\../\\//\\//\\/\/.\/.\/
\/\/\/\/\//\\/..\//\\/../\/\/\..
../\../\/\\//\/\/\\//\/\\/\/\/..
/\\//\\/\//\\/\/\/..\/\//\../\/\
\//\\//\..\/../\/\/\/\/\\//\\/\/
/\\//\\//\/\/\\/\/\/\/\//\\//\/\
\/..\//\\/\/\//\/\/\../\\/..\/\/
/\/\/\\/../\..\/\/\//\\//\/\../\
\/\/\//\/\\//\/\/\/\\//\\/\//\\/
/\/\/\\/\//\\/\/\/\//\\//\/\\/..
\/\/\//\/\\//\/\/\/\\//\\/\//\/\
/\/\/\\/\//\\/\/\/\/..\/../\\/\/
\/\/\//\/\\//\/\/\/\/\/\/\\//\/\
/\/\/\\/\/..\/\/\/\/\/\/\/..\/\/
\/\/\//\../\../\/\/\/\/\/\/\/\/\
/\/\..\//\\//\\/\/\/\/\/\/\/\/\/
\/\//\..\//\\/../\/\/\/\/\../\..
/\/\\//\/\\//\/\\/\/\/\/\//\\//\
\/\//\\/\/..\/\//\../\../\\//\\/
/\/\\//\/\/\../\\//\\//\\//\\//\
\/\//\\/\/\//\\//\\//\\//\\//\\/
....\/......\/..\/..\/..\/..\/..
Case #25:
/\./\./\./\/\/\./\/\/\/\/\./\./\/\.
\/.\/.\/.\/\/\/.\/\/\/\/\/.\/.\/\/.
/\/\/\./\./\/\/\/\./\/\/\/\./\/\/\.
\/\/\/.\/.\/\/\/\/.\/\/\/\/.\/\/\/.
../\/\/\./\./\/\/\./\/\./\./\./\/\.
/\\/\/\/.\/.\/\/\/.\/\/.\/.\/.\/\/.
\//\/\/\/\./\/\/\/\./\/\/\/\/\/\/\.
/\\/\/\/\/.\/\/\/\/.\/\/\/\/\/\/\/.
\/../\../\/\/\/\./\/\/\/\/\./\./\/\
/\/\\//\\/\/\/\/.\/\/\/\/\/.\/.\/\/
\/\//\\//\/\/\/\/\/\./\/\/\/\/\/\..
....\/..\/\/\/\/\/\/.\/\/\/\/\/\/..
/\/\/\/\..../\/\/\/\./\./\./\./\/\.
\/\/\/\//\/\\/\/\/\/.\/.\/.\/.\/\/.
/\/\/\/\\/\//\/\/\/\/\./\/\./\/\./\
\/\/\/\/....\/\/\/\/\/.\/\/.\/\/.\/
/\/\../\/\/\/\../\./\./\./\/\/\./\.
\/\//\\/\/\/\//\\/.\/.\/.\/\/\/.\/.
/\/\\/../\/\..\//\/\/\/\./\./\/\/\.
\/\/../\\/\//\/\\/\/\/\/.\/.\/\/\/.
/\/\/\\//\/\\/\//\../\/\/\/\/\/\/\.
\/\/\/..\/\//\/\\//\\/\/\/\/\/\/\/.
/\/\/\/\/\/\\/\/..\/../\./\/\./\/\.
\/\/\/\/\/\/..../\../\\/.\/\/.\/\/.
....../\../\/\/\\//\\//\/\/\/\/\./\
/\/\/\\//\\/\/\/..\//\\/\/\/\/\/.\/
\/\/\/..\//\/\/\/\/\\//\../\./\/\/\
/\/\/\/\..\/\/\/\/\//\\//\\/.\/\/\/
\/\/\/\//\..../\/\..\//\\//\/\./\/\
../\/\..\//\/\\/\//\/\\//\\/\/.\/\/
/\\/\//\/\\/\//\/\\/\/..\/../\/\./\
\/....\/\//\/\\/\//\/\/\/\/\\/\/.\/
/\/\/\../\\/\//\..\/\/\/\/\//\../\.
\/\/\//\\//\/\\//\/\/\/\../\\//\\/.
/\../\\/..\/\/..\/\/\/\//\\//\\//\.
\//\\/../\/\/\/\..../\/\\//\\//\\/.
..\/../\\/\/\/\//\/\\/\/..\//\\//\.
/\/\/\\//\/\../\\/\/..../\/\\//\\/.
\/\/\/..\/\//\\/../\/\/\\/\//\\//\.
../\/\/\/\..\//\/\\/\/\/../\\//\\/.
/\\/\/\/\//\/\\/\/....../\\//\\//\.
\/..../\/\\/\/../\/\/\/\\//\\//\\/.
../\/\\/\/..../\\/\/\/\/..\//\\/...
/\\/\//\/\/\/\\//\/\../\/\/\\//\/\.
\/....\/\/\/\/..\/\/..\/\/\/..\/\/.
Case #26:
/\/\/\./\/\./\/\/\/\/\/\/\./\./\./\/\
\/\/\/.\/\/.\/\/\/\/\/\/\/.\/.\/.\/\/
/\/\/\./\/\/\/\/\/\./\/\/\/\/\/\/\/\.
\/\/\/.\/\/\/\/\/\/.\/\/\/\/\/\/\/\/.
../\/\/\./\/\/\./\./\/\./\/\./\/\/\/\
/\\/\/\/.\/\/\/.\/.\/\/.\/\/.\/\/\/\/
\//\/\/\./\/\/\/\./\/\/\./\/\/\/\./\.
/\\/\/\/.\/\/\/\/.\/\/\/.\/\/\/\/.\/.
\//\../\/\./\/\/\/\./\./\/\./\/\/\/\.
/\\//\\/\/.\/\/\/\/.\/.\/\/.\/\/\/\/.
\//\\/../\/\/\./\/\/\/\/\/\/\/\/\./\.
/\\//\/\\/\/\/.\/\/\/\/\/\/\/\/\/.\/.
\//\\/\//\../\/\/\./\./\/\/\./\/\/\/\
/\\//\/\\//\\/\/\/.\/.\/\/\/.\/\/\/\/
\//\\/\//\\//\/\./\/\./\/\/\/\/\/\/\.
/\\/../\\//\\/\/.\/\/.\/\/\/\/\/\/\/.
\/../\\//\\//\/\/\/\/\/\./\/\./\/\/\.
/\/\\/..\//\\/\/\/\/\/\/.\/\/.\/\/\/.
\/\//\/\/\\//\/\/\/\/\/\/\/\./\./\/\.
/\..\/\/\//\\/\/\/\/\/\/\/\/.\/.\/\/.
\//\/\....\//\/\../\/\/\/\/\/\/\/\/\.
..\/\//\/\..\/\//\\/\/\/\/\/\/\/\/\/.
/\/\..\/\//\../\\/../\/\/\/\/\/\/\/\.
\/\//\../\\//\\//\/\\/\/\/\/\/\/\/\/.
../\\//\\//\\/..\/\/../\/\/\/\/\/\/\.
/\\/..\//\\//\/\/\/\/\\/\/\/\/\/\/\/.
\/../\..\//\\/\/\/\/\/..../\/\/\./\..
/\/\\//\/\\/../\/\../\/\/\\/\/\/.\/..
\/\//\\/\/../\\/\//\\/\/\/../\/\/\/\.
/\..\//\../\\//\..\//\/\/\/\\/\/\/\/.
\//\..\//\\/..\//\/\\/\/\/\/../\./\/\
/\\//\/\\/../\..\/\//\/\/\../\\/.\/\/
\//\\/\//\/\\//\../\\/\/\//\\//\/\/\.
/\\//\/\\/\/..\//\\//\/\..\//\\/\/\/.
\/..\/\/........\/..\/\/....\/.......
Case #27:
/\/\./\./\./\/\/\../\/\./\/\./\/\../\../\.
\/\/.\/.\/.\/\/\//\\/\/.\/\/.\/\//\\//\\/.
./\./\/\......./\\//\/\/\/\/\/\/\\//\\//\.
.\/.\/\/./\/\/\\//\\/\/\/\/\/\/\/..\/..\/.
/\../\./\\/\/\/..\//\.../\/\./\.../\/\./\.
\//\\/.\/./\.../\/\\/./\\/\/.\/./\\/\/.\/.
/\\/......\/./\\/\/./\\/./\.../\\//\/\../\
\/./\/\./\/\.\//\/\.\/./\\/./\\/..\/\//\\/
/\.\/\/.\/\//\.\/\/../\\/...\/./\/\...\//\
\/./\...../\\/...../\\/../\../\\/\//\/\.\/
./\\//\./\\/.../\/\\//\/\\//\\/./\.\/\/...
.\//\\/.\/./\/\\/\/..\/\/..\/./\\/./\/\/\.
/\.\/./\...\/\/./\../\.../\...\/...\/\/\/.
\/./\.\//\../\..\//\\//\.\//\/\../\./\/\..
/\.\/...\//\\//\/\\//\\//\.\/\//\\/.\/\//\
\/..../\/\\//\\/\/..\//\\/../\.\//\/\...\/
.../\.\/\//\\/.../\...\//\/\\//\.\/\/./\..
/\.\/./\/\\/./\/\\/./\/\\/\/..\/./\...\//\
\/....\/\/./\\/\/...\/\/./\./\./\\//\...\/
/\./\./\/\.\/./\./\..../\\/.\/.\/..\/./\/\
\/.\/.\/\//\/\\/.\//\/\\/......../\./\\/\/
./\./\....\/\/.../\\/\/.../\/\./\\/.\//\/\
.\/.\//\/\./\/\/\\//\/\/\.\/\/.\/.../\\/\/
../\/\\/\/.\/\/\//\\/\/\//\../\/\/\.\/....
/\\/\/./\./\.....\//\/\..\//\\/\/\/..../\.
\/.../\\/.\//\/\/\.\/\//\..\//\/\/\./\.\/.
./\/\\//\...\/\/\//\/\.\//\/\\/\/\/.\/../\
.\/\//\\/./\/\/\/\\/\/...\/\/./\../\./\.\/
./\..\//\.\/\/\/\//\../\/\/\/\\//\\/.\/...
.\//\/\\/../\.../\\//\\/\/\/\/..\/...../\.
./\\/\//\/\\//\.\/..\//\/\/\./\..../\/\\/.
.\/....\/\/..\//\../\.\/\/\/.\//\/\\/\/...
/\/\/\./\/\./\.\//\\/..../\/\/\\/\/../\./\
\/\/\/.\/\/.\/...\/../\/\\/\/\/..../\\/.\/
./\/\./\/\/\/\/\/\/\.\/\//\./\/\./\\/./\/\
.\/\/.\/\/\/\/\/\/\/.....\/.\/\/.\/...\/\/
Case #28:
.../\/\/\.../\...../\/\../\/\/\/\..../\./\/\./\
./\\/\/\//\.\//\/\.\/\//\\/\/\/\/./\.\/.\/\/.\/
.\/./\...\//\.\/\/./\..\/../\./\/\\/../\/\/\...
....\/./\..\/..../\\//\/\/\\/.\/\//\/\\/\/\//\.
/\/\/\.\/./\/\/\.\//\\/\/\/./\/\/\\/\/......\/.
\/\/\//\/\\/\/\/...\/./\../\\/\/\//\/\/\/\./\/\
/\./\.\/\//\/\/\/\./\.\//\\/..../\\/\/\/\/.\/\/
\/.\//\/\.\/\/\/\/.\//\.\/./\./\\//\/\./\./\./\
./\..\/\/...../\/\...\/....\/.\//\\/\/.\/.\/.\/
.\//\/\/\/\./\\/\//\/\../\./\...\/./\/\/\/\/\/\
...\/\/\/\/.\/../\\/\//\\/.\/./\/\.\/\/\/\/\/\/
./\/\.../\.../\.\/./\.\//\./\.\/\//\/\/\../\/\.
.\/\//\.\//\.\/./\.\/./\\/.\/../\.\/\/\//\\/\/.
.../\\/...\//\..\//\/\\/./\/\/\\/.../\/\\//\/\.
/\.\//\/\/\.\//\..\/\/./\\/\/\//\/\.\/\/..\/\/.
\/...\/\/\//\.\/./\....\/./\/\.\/\/../\/\/\/\/\
../\./\/\/\\/....\/./\....\/\//\../\.\/\/\/\/\/
/\\/.\/\/\//\./\/\..\//\./\./\\//\\/./\../\/\/\
\//\/\/\./\\/.\/\/./\.\/.\/.\/..\/...\//\\/\/\/
..\/\/\/.\//\/\./\.\/..../\/\/\/\/\./\.\/../\/\
./\../\./\.\/\/.\/./\/\/\\/\/\/\/\/.\//\/\.\/\/
.\//\\/.\/../\.../\\/\/\/../\/\/\./\/\\/\/.../\
./\\/..../\.\//\.\/./\/\./\\/\/\/.\/\/.../\/\\/
.\/.../\.\/...\/./\.\/\/.\//\./\./\./\./\\/\//\
./\/\.\/.../\/\/\\/.../\...\/.\/.\/.\/.\/....\/
.\/\/.../\.\/\/\/../\.\//\..../\./\./\/\/\./\/\
/\/\/\/\\/.../\/\/\\/./\\/./\.\/.\/.\/\/\/.\/\/
\/\/\/\/./\/\\/\/\/./\\/...\/../\/\../\../\../\
/\/\.../\\/\/./\./\.\/./\/\/\/\\/\//\\//\\//\\/
\/\/./\\//\/\.\/.\/./\.\/\/\/\/....\//\\//\\/..
/\...\/..\/\//\../\.\/./\../\../\/\..\/..\//\/\
\//\..../\./\\//\\//\..\//\\//\\/\//\./\/\.\/\/
..\//\/\\/.\/..\/..\/./\.\//\\/....\/.\/\//\/\.
./\.\/\/../\/\./\./\/\\//\.\//\./\./\/\/\.\/\/.
.\/./\/\/\\/\/.\/.\/\//\\//\.\/.\/.\/\/\//\....
/\/\\/\/\//\......../\\//\\/....../\/\/\.\/./\.
\/\//\/\..\//\./\./\\//\\/.../\/\.\/\/\/....\/.
/\/\\/\//\/\\/.\/.\//\\//\/\.\/\//\/\./\./\/\/\
\/\/....\/\/........\/..\/\/.....\/\/.\/.\/\/\/
Case #29:
......................../\./\/\/\.../\/\./\/\
/\./\/\/\./\/\./\/\./\/\\/.\/\/\/./\\/\/.\/\/
\/.\/\/\/.\/\/.\/\/.\/\/./\./\/\..\/./\/\/\/\
./\/\....../\/\/\/\./\...\/.\/\//\/\.\/\/\/\/
.\/\//\/\/\\/\/\/\/.\/./\/\/\...\/\/./\./\./\
/\./\\/\/\//\/\...../\.\/\/\//\./\...\/.\/.\/
\/.\//\/\/\\/\//\./\\/.../\/\\/.\/./\/\/\../\
/\...\/\/\//\/\\/.\/./\/\\/\//\../\\/\/\//\\/
\//\/\/\/\.\/\/./\./\\/\//\/\\//\\//\./\.\/..
/\\/\/\/\/./\/\.\/.\/....\/\//\\//\\/.\//\/\.
\/..../\/\.\/\/./\/\/\/\.../\\/..\//\/\.\/\/.
/\/\/\\/\/./\./\\/\/\/\/./\\/./\/\.\/\/./\./\
\/\/\/./\..\/.\/../\/\...\//\.\/\//\./\.\/.\/
./\./\.\/./\./\/\.\/\//\./\\//\./\\/.\/./\...
.\/.\//\/\\/.\/\//\...\/.\//\\/.\/./\./\\/./\
..../\\/\//\../\.\//\/\/\..\/./\...\/.\/...\/
./\.\/./\.\//\\/...\/\/\//\./\\//\/\/\/\/\/\.
.\/../\\/...\/./\./\../\.\/.\//\\/\/\/\/\/\/.
/\/\.\/./\/\/\.\/.\//\\//\/\/\\/......../\./\
\/\/../\\/\/\//\./\.\/..\/\/\/./\./\./\.\/.\/
../\/\\/./\...\/.\/./\/\./\/\..\/.\/.\/../\/\
/\\/\//\.\/./\/\/\/\\/\/.\/\//\.../\../\.\/\/
\//\/\\/./\.\/\/\/\/./\/\/\..\//\.\//\\/./\..
/\\/\/...\/..../\./\.\/\/\//\/\\//\.\/...\//\
\/./\/\/\./\/\.\/.\//\./\..\/\//\\/..../\..\/
...\/\/\/.\/\/.../\.\/.\/./\./\\/.../\.\//\/\
./\/\/\../\/\/\/\\//\.....\/.\/../\.\/...\/\/
.\/\/\//\\/\/\/\//\\//\./\/\/\/\.\/../\/\./\.
/\./\..\/./\../\.\//\\/.\/\/\/\/.../\\/\/.\/.
\/.\/./\/\\//\\/./\\/..../\/\/\../\\/../\./\.
/\/\..\/\//\\/./\\//\/\/\\/\/\//\\//\/\\/.\/.
\/\//\./\.\//\.\//\\/\/\//\/\/\\//\\/\/../\/\
./\.\/.\/...\/...\/../\/\\/\/\//\\/./\./\\/\/
.\//\/\/\/\./\/\/\./\\/\//\/\..\//\.\/.\//\/\
...\/\/\/\/.\/\/\/.\/../\\/\/./\.\//\./\.\/\/
/\./\/\/\/\/\/\/\/\/\/\\//\./\\//\.\/.\/./\/\
\/.\/\/\/\/\/\/\/\/\/\/..\/.\/..\/.......\/\/
Case #30:
Impossible
Case #31:
Impossible
Case #32:
Impossible
Case #33:
/\/\/\/\/\/\/\/\/\./\/\./\./\/\./\/\/\/\/\/\./\.
\/\/\/\/\/\/\/\/\/.\/\/.\/.\/\/.\/\/\/\/\/\/.\/.
/\/\/\/\/\/\/\/\/\/\/\/\/\/\./\/\/\./\/\./\/\/\.
\/\/\/\/\/\/\/\/\/\/\/\/\/\/.\/\/\/.\/\/.\/\/\/.
/\/\/\/\./\/\/\/\/\/\/\/\/\/\/\/\/\/\/\/\/\/\./\
\/\/\/\/.\/\/\/\/\/\/\/\/\/\/\/\/\/\/\/\/\/\/.\/
../\/\/\/\/\./\/\/\./\/\/\/\/\/\/\/\./\/\/\/\/\.
/\\/\/\/\/\/.\/\/\/.\/\/\/\/\/\/\/\/.\/\/\/\/\/.
\//\/\/\/\/\/\/\./\/\/\./\/\/\/\/\/\/\./\/\/\/\.
..\/\/\/\/\/\/\/.\/\/\/.\/\/\/\/\/\/\/.\/\/\/\/.
/\..../\../\/\/\/\./\/\/\/\/\/\./\/\/\/\/\/\./\.
\//\/\\//\\/\/\/\/.\/\/\/\/\/\/.\/\/\/\/\/\/.\/.
/\\/\//\\//\/\/\/\./\./\/\./\/\./\./\./\/\/\/\/\
\//\..\//\\/\/\/\/.\/.\/\/.\/\/.\/.\/.\/\/\/\/\/
/\\//\/\\//\/\/\/\/\/\/\./\/\./\/\./\./\/\/\/\/\
\//\\/\//\\/\/\/\/\/\/\/.\/\/.\/\/.\/.\/\/\/\/\/
/\\/../\\//\/\/\/\/\/\./\/\/\/\/\./\./\/\/\/\/\.
\//\/\\/..\/\/\/\/\/\/.\/\/\/\/\/.\/.\/\/\/\/\/.
..\/\//\/\../\..../\/\/\./\/\/\/\./\/\/\/\/\./\.
/\../\\/\//\\//\/\\/\/\/.\/\/\/\/.\/\/\/\/\/.\/.
\//\\//\/\\//\\/\//\/\./\./\./\/\/\/\/\/\./\/\/\
..\/..\/\//\\//\/\\/\/.\/.\/.\/\/\/\/\/\/.\/\/\/
/\../\/\..\//\\/\//\/\/\/\/\./\/\./\./\/\/\/\/\.
\//\\/\//\/\\//\..\/\/\/\/\/.\/\/.\/.\/\/\/\/\/.
/\\/../\\/\//\\//\..../\/\/\/\/\/\/\/\/\/\./\./\
\//\/\\/../\\//\\//\/\\/\/\/\/\/\/\/\/\/\/.\/.\/
/\\/\//\/\\//\\//\\/\//\/\/\/\./\/\/\/\./\/\/\..
\//\..\/\/..\/..\//\/\\/\/\/\/.\/\/\/\/.\/\/\/..
..\//\/\../\/\/\/\\/\//\..../\./\./\/\./\/\./\/\
/\/\\/\//\\/\/\/\//\/\\//\/\\/.\/.\/\/.\/\/.\/\/
\/\//\/\\//\/\/\/\\/\//\\/\/../\/\./\/\./\/\./\.
../\\/\//\\/\/\/\//\/\\//\../\\/\/.\/\/.\/\/.\/.
/\\/../\\//\..../\\/\//\\//\\//\/\/\./\/\/\/\/\.
\/....\/..\/....\/....\/..\/..\/\/\/.\/\/\/\/\/.
Case #34:
Impossible
Case #35:
/\/\/\./\./\/\/\./\/\/\./\/\./\./\/\./\.
\/\/\/.\/.\/\/\/.\/\/\/.\/\/.\/.\/\/.\/.
/\/\/\/\/\/\./\/\/\/\/\/\/\/\/\/\/\/\/\.
\/\/\/\/\/\/.\/\/\/\/\/\/\/\/\/\/\/\/\/.
../\/\/\./\./\/\/\./\/\/\/\/\/\/\./\/\/\
/\\/\/\/.\/.\/\/\/.\/\/\/\/\/\/\/.\/\/\/
\/..../\/\./\/\/\/\/\/\./\./\/\./\./\./\
/\/\/\\/\/.\/\/\/\/\/\/.\/.\/\/.\/.\/.\/
\/\/\//\/\/\/\/\/\/\/\/\/\/\./\/\./\./\.
/\/\/\\/\/\/\/\/\/\/\/\/\/\/.\/\/.\/.\/.
\/\/\//\/\/\/\/\./\/\/\/\/\/\/\/\/\/\/\.
/\../\\/\/\/\/\/.\/\/\/\/\/\/\/\/\/\/\/.
\//\\//\/\../\/\./\/\/\/\/\/\/\/\/\/\/\.
..\/..\/\//\\/\/.\/\/\/\/\/\/\/\/\/\/\/.
/\../\/\..\//\/\./\/\/\/\/\./\./\./\./\.
\//\\/\//\..\/\/.\/\/\/\/\/.\/.\/.\/.\/.
/\\//\..\//\..../\/\/\./\/\/\./\/\/\/\/\
\//\\//\/\\//\/\\/\/\/.\/\/\/.\/\/\/\/\/
..\//\\/\/..\/\//\/\/\/\./\/\/\/\/\/\/\.
/\/\\//\/\/\/\/\\/\/\/\/.\/\/\/\/\/\/\/.
\/\//\\/\/\/\/\//\../\./\/\./\./\/\./\/\
../\\/..../\../\\//\\/.\/\/.\/.\/\/.\/\/
/\\//\/\/\\//\\/..\//\/\/\/\/\./\/\/\/\.
\//\\/\/\//\\//\/\/\\/\/\/\/\/.\/\/\/\/.
..\/......\/..\/\/\/....................
Case #36:
/\/\/\/\/\/\/\/\/\/\/\/\/\/\/\/\/\/\/\/\/\/\/\/\/\
\/\/\/\/\/\/\/\/\/\/\/\/\/\/\/\/\/\/\/\/\/\/\/\/\/
/\/\/\/\/\/\/\/\/\/\/\/\/\/\/\/\/\/\/\/\/\/\/\/\/\
\/\/\/\/\/\/\/\/\/\/\/\/\/\/\/\/\/\/\/\/\/\/\/\/\/
/\/\/\/\/\/\/\/\/\/\/\/\/\/\/\/\/\/\/\/\/\/\/\/\/\
\/\/\/\/\/\/\/\/\/\/\/\/\/\/\/\/\/\/\/\/\/\/\/\/\/
/\/\/\/\/\/\/\/\/\/\/\/\/\/\/\/\/\/\/\/\/\/\/\/\/\
\/\/\/\/\/\/\/\/\/\/\/\/\/\/\/\/\/\/\/\/\/\/\/\/\/
/\/\/\/\/\/\/\/\/\/\/\/\/\/\/\/\/\/\/\/\/\/\/\/\/\
\/\/\/\/\/\/\/\/\/\/\/\/\/\/\/\/\/\/\/\/\/\/\/\/\/
/\/\/\/\/\/\/\/\/\/\/\/\/\/\/\/\/\/\/\/\/\/\/\/\/\
\/\/\/\/\/\/\/\/\/\/\/\/\/\/\/\/\/\/\/\/\/\/\/\/\/
/\/\/\/\/\/\/\/\/\/\/\/\/\/\/\/\/\/\/\/\/\/\/\/\/\
\/\/\/\/\/\/\/\/\/\/\/\/\/\/\/\/\/\/\/\/\/\/\/\/\/
/\/\/\/\/\/\/\/\/\/\/\/\/\/\/\/\/\/\/\/\/\/\/\/\/\
\/\/\/\/\/\/\/\/\/\/\/\/\/\/\/\/\/\/\/\/\/\/\/\/\/
/\/\/\/\/\/\/\/\/\/\/\/\/\/\/\/\/\/\/\/\/\/\/\/\/\
\/\/\/\/\/\/\/\/\/\/\/\/\/\/\/\/\/\/\/\/\/\/\/\/\/
/\/\/\/\/\/\/\/\/\/\/\/\/\/\/\/\/\/\/\/\/\/\/\/\/\
\/\/\/\/\/\/\/\/\/\/\/\/\/\/\/\/\/\/\/\/\/\/\/\/\/
/\/\/\/\/\/\/\/\/\/\/\/\/\/\/\/\/\/\/\/\/\/\/\/\/\
\/\/\/\/\/\/\/\/\/\/\/\/\/\/\/\/\/\/\/\/\/\/\/\/\/
/\/\/\/\/\/\/\/\/\/\/\/\/\/\/\/\/\/\/\/\/\/\/\/\/\
\/\/\/\/\/\/\/\/\/\/\/\/\/\/\/\/\/\/\/\/\/\/\/\/\/
/\/\/\/\/\/\/\/\/\/\/\/\/\/\/\/\/\/\/\/\/\/\/\/\/\
\/\/\/\/\/\/\/\/\/\/\/\/\/\/\/\/\/\/\/\/\/\/\/\/\/
/\/\/\/\/\/\/\/\/\/\/\/\/\/\/\/\/\/\/\/\/\/\/\/\/\
\/\/\/\/\/\/\/\/\/\/\/\/\/\/\/\/\/\/\/\/\/\/\/\/\/
/\/\/\/\/\/\/\/\/\/\/\/\/\/\/\/\/\/\/\/\/\/\/\/\/\
\/\/\/\/\/\/\/\/\/\/\/\/\/\/\/\/\/\/\/\/\/\/\/\/\/
/\/\/\/\/\/\/\/\/\/\/\/\/\/\/\/\/\/\/\/\/\/\/\/\/\
\/\/\/\/\/\/\/\/\/\/\/\/\/\/\/\/\/\/\/\/\/\/\/\/\/
/\/\/\/\/\/\/\/\/\/\/\/\/\/\/\/\/\/\/\/\/\/\/\/\/\
\/\/\/\/\/\/\/\/\/\/\/\/\/\/\/\/\/\/\/\/\/\/\/\/\/
/\/\/\/\/\/\/\/\/\/\/\/\/\/\/\/\/\/\/\/\/\/\/\/\/\
\/\/\/\/\/\/\/\/\/\/\/\/\/\/\/\/\/\/\/\/\/\/\/\/\/
/\/\/\/\/\/\/\/\/\/\/\/\/\/\/\/\/\/\/\/\/\/\/\/\/\
\/\/\/\/\/\/\/\/\/\/\/\/\/\/\/\/\/\/\/\/\/\/\/\/\/
/\/\/\/\/\/\/\/\/\/\/\/\/\/\/\/\/\/\/\/\/\/\/\/\/\
\/\/\/\/\/\/\/\/\/\/\/\/\/\/\/\/\/\/\/\/\/\/\/\/\/
/\/\/\/\/\/\/\/\/\/\/\/\/\/\/\/\/\/\/\/\/\/\/\/\/\
\/\/\/\/\/\/\/\/\/\/\/\/\/\/\/\/\/\/\/\/\/\/\/\/\/
/\/\/\/\/\/\/\/\/\/\/\/\/\/\/\/\/\/\/\/\/\/\/\/\/\
\/\/\/\/\/\/\/\/\/\/\/\/\/\/\/\/\/\/\/\/\/\/\/\/\/
/\/\/\/\/\/\/\/\/\/\/\/\/\/\/\/\/\/\/\/\/\/\/\/\/\
\/\/\/\/\/\/\/\/\/\/\/\/\/\/\/\/\/\/\/\/\/\/\/\/\/
/\/\/\/\/\/\/\/\/\/\/\/\/\/\/\/\/\/\/\/\/\/\/\/\/\
\/\/\/\/\/\/\/\/\/\/\/\/\/\/\/\/\/\/\/\/\/\/\/\/\/
/\/\/\/\/\/\/\/\/\/\/\/\/\/\/\/\/\/\/\/\/\/\/\/\/\
\/\/\/\/\/\/\/\/\/\/\/\/\/\/\/\/\/\/\/\/\/\/\/\/\/
Case #37:
./\.../\.../\.../\./\/\.../\./\../\
.\/./\\//\.\/./\\/.\/\//\.\/.\//\\/
/\/\\//\\//\/\\/.......\//\../\\//\
\/\//\\/..\/\/./\/\./\/\.\//\\/..\/
../\\/.../\/\/\\/\/.\/\//\.\//\/\/\
/\\//\./\\/\/\//\./\../\\/./\\/\/\/
\//\\/.\/./\/\.\/.\//\\//\.\/./\./\
..\/.../\.\/\//\./\.\/..\//\/\\/.\/
./\/\/\\//\...\/.\//\../\.\/\/.....
.\/\/\//\\/./\../\.\//\\/.../\/\/\.
/\/\...\/./\\//\\/./\\/.../\\/\/\/.
\/\/./\./\\//\\//\.\/../\.\//\.../\
/\/\.\/.\//\\//\\/./\/\\//\.\//\.\/
\/\/./\...\//\\/...\/\/..\/./\\/...
/\...\/./\/\\/./\/\/\./\....\/../\.
\//\/\/\\/\//\.\/\/\/.\/./\../\.\/.
/\\/\/\/./\.\/../\/\/\/\.\//\\//\/\
\/.../\/\\//\/\.\/\/\/\/...\//\\/\/
./\/\\/\/..\/\//\./\..../\/\.\/....
.\/\//\../\/\/\\/.\//\/\\/\//\/\/\.
/\/\.\//\\/\/\/./\..\/\/./\.\/\/\/.
\/\//\.\//\/\/\.\/./\./\.\//\..../\
/\..\//\.\/\/\/./\.\/.\/...\//\/\\/
\//\/\\//\./\./\\//\./\./\./\\/\//\
/\\/\/..\/.\/.\//\\/.\/.\/.\/../\\/
\/..../\....../\\//\.../\/\./\.\//\
/\/\/\\//\/\/\\//\\/./\\/\/.\//\.\/
\/\/\//\\/\/\/..\/...\/./\../\\/./\
/\/\/\\/./\.../\../\./\.\//\\/./\\/
\/\/\//\.\//\.\//\\/.\//\.\//\.\//\
/\/\..\//\.\/...\//\./\\/./\\//\.\/
\/\//\/\\/../\/\/\\/.\/./\\//\\/...
/\..\/\/./\.\/\/\//\/\/\\//\\//\/\.
\//\./\..\/../\/\.\/\/\//\\//\\/\/.
..\/.\//\/\/\\/\//\/\./\\//\\/.....
/\../\.\/\/\/....\/\/.\/..\/../\/\.
\//\\/./\../\/\./\/\./\/\/\/\.\/\/.
/\\/...\//\\/\/.\/\/.\/\/\/\/.../\.
\//\/\/\.\/.../\/\/\/\/\/\./\/\.\/.
/\\/\/\//\/\/\\/\/\/\/\/\/.\/\//\/\
\/......\/\/\/../\...../\/\/\/\\/\/
/\./\./\/\/\/\/\\/./\/\\/\/\/\//\/\
\/.\/.\/\/\/\/\/./\\/\//\./\/\.\/\/
./\./\./\........\/....\/.\/\//\./\
.\/.\/.\//\./\/\../\/\./\/\...\/.\/
.../\/\/\\/.\/\//\\/\/.\/\//\/\....
./\\/\/\/.../\/\\/......./\\/\//\/\
.\/./\/\./\.\/\/./\/\./\.\//\/\\/\/
....\/\/.\/......\/\/.\/...\/\/....
Case #38:
/\./\/\/\/\./\./\/\./\/\/\./\./\/\/\/\/\/\./\./\/\
\/.\/\/\/\/.\/.\/\/.\/\/\/.\/.\/\/\/\/\/\/.\/.\/\/
/\/\/\./\/\/\/\/\./\/\./\/\/\/\/\./\/\/\/\./\/\/\.
\/\/\/.\/\/\/\/\/.\/\/.\/\/\/\/\/.\/\/\/\/.\/\/\/.
/\../\/\/\/\/\./\/\./\/\./\/\./\/\/\/\./\./\./\/\.
\//\\/\/\/\/\/.\/\/.\/\/.\/\/.\/\/\/\/.\/.\/.\/\/.
..\//\/\/\/\/\/\/\./\/\/\./\/\/\/\/\/\/\/\/\./\./\
/\/\\/\/\/\/\/\/\/.\/\/\/.\/\/\/\/\/\/\/\/\/.\/.\/
\/\//\../\/\./\/\/\/\/\/\/\/\/\/\/\/\./\/\/\/\/\..
/\..\//\\/\/.\/\/\/\/\/\/\/\/\/\/\/\/.\/\/\/\/\/..
\//\/\\/../\/\/\/\/\./\/\/\/\/\./\./\/\./\/\/\/\/\
..\/\//\/\\/\/\/\/\/.\/\/\/\/\/.\/.\/\/.\/\/\/\/\/
/\../\\/\//\/\/\./\/\/\./\/\/\/\./\/\/\/\/\/\/\./\
\//\\/../\\/\/\/.\/\/\/.\/\/\/\/.\/\/\/\/\/\/\/.\/
/\\//\/\\/../\/\/\/\./\./\/\/\/\./\/\/\/\/\./\/\/\
\/..\/\//\/\\/\/\/\/.\/.\/\/\/\/.\/\/\/\/\/.\/\/\/
/\/\/\/\\/\/../\/\./\./\/\./\/\/\/\/\/\/\/\/\/\/\.
\/\/\/\/..../\\/\/.\/.\/\/.\/\/\/\/\/\/\/\/\/\/\/.
/\../\/\/\/\\//\/\/\./\/\/\./\/\/\/\./\/\/\./\/\/\
\//\\/\/\/\//\\/\/\/.\/\/\/.\/\/\/\/.\/\/\/.\/\/\/
/\\//\......\//\/\/\/\/\./\/\./\/\/\/\/\./\/\/\/\.
\/..\//\/\/\/\\/\/\/\/\/.\/\/.\/\/\/\/\/.\/\/\/\/.
/\/\/\\/\/\/\/..../\/\/\./\/\./\/\/\/\/\/\/\./\./\
\/\/\/../\../\/\/\\/\/\/.\/\/.\/\/\/\/\/\/\/.\/.\/
..../\/\\//\\/\/\//\/\/\/\/\/\./\/\/\/\./\./\./\..
/\/\\/\/..\//\/\/\\/\/\/\/\/\/.\/\/\/\/.\/.\/.\/..
\/\//\/\/\/\\/\/\//\/\/\../\/\/\./\/\./\./\./\/\/\
/\/\\/\/\/\/../\/\\/\/\//\\/\/\/.\/\/.\/.\/.\/\/\/
\/\/../\/\/\/\\/\//\/\/\\//\/\/\/\/\/\/\/\./\./\/\
..../\\/\/\/\//\/\\/\/\//\\/\/\/\/\/\/\/\/.\/.\/\/
/\/\\/..../\/\\/\//\/\..\/../\/\/\/\/\/\./\./\/\..
\/\/../\/\\/\//\..\/\//\../\\/\/\/\/\/\/.\/.\/\/..
/\/\/\\/\/../\\//\../\\//\\/../\/\/\/\./\./\/\./\.
\/\/\//\../\\//\\//\\//\\//\/\\/\/\/\/.\/.\/\/.\/.
/\/\/\\//\\//\\//\\//\\//\\/\//\/\/\./\/\./\./\/\.
\/\/\//\\//\\//\\//\\//\\//\..\/\/\/.\/\/.\/.\/\/.
/\....\//\\//\\//\\//\\//\\//\../\../\/\/\./\./\..
\//\/\/\\//\\//\\/..\//\\//\\//\\//\\/\/\/.\/.\/..
/\\/\/\//\\//\\//\/\/\\//\\//\\/..\/../\./\./\./\.
\//\../\\/..\//\\/\/\//\\//\\//\/\/\/\\/.\/.\/.\/.
..\//\\//\/\..\//\/\/\\//\\//\\/\/\/\//\/\/\/\/\..
....\/..\/\/....\/\/\/..\/..\/........\/\/\/\/\/..
Case #39:
/\/\./\./\./\./\./\/\/\/\./\/\/\/\/\/\/\/\/\./\/\.
\/\/.\/.\/.\/.\/.\/\/\/\/.\/\/\/\/\/\/\/\/\/.\/\/.
/\/\/\/\/\/\/\/\/\./\/\/\/\/\/\/\/\/\/\./\./\./\..
\/\/\/\/\/\/\/\/\/.\/\/\/\/\/\/\/\/\/\/.\/.\/.\/..
/\/\/\./\/\/\/\/\/\/\/\./\/\/\/\/\./\/\/\/\/\/\/\.
\/\/\/.\/\/\/\/\/\/\/\/.\/\/\/\/\/.\/\/\/\/\/\/\/.
/\/\/\/\/\/\/\/\./\/\/\/\/\./\/\/\/\./\./\./\./\/\
\/\/\/\/\/\/\/\/.\/\/\/\/\/.\/\/\/\/.\/.\/.\/.\/\/
../\/\/\/\/\./\/\/\/\/\/\/\/\./\/\/\/\/\./\./\./\.
/\\/\/\/\/\/.\/\/\/\/\/\/\/\/.\/\/\/\/\/.\/.\/.\/.
\//\../\/\/\./\/\/\./\/\/\./\/\/\./\/\/\./\/\/\./\
/\\//\\/\/\/.\/\/\/.\/\/\/.\/\/\/.\/\/\/.\/\/\/.\/
\//\\//\/\../\/\./\/\./\/\./\/\./\/\/\./\/\/\/\/\.
..\/..\/\//\\/\/.\/\/.\/\/.\/\/.\/\/\/.\/\/\/\/\/.
/\/\/\/\..\/../\/\/\./\/\/\/\/\./\./\/\/\/\./\/\..
\/\/\/\//\/\/\\/\/\/.\/\/\/\/\/.\/.\/\/\/\/.\/\/..
/\/\/\..\/\/\//\/\/\./\/\/\/\/\/\/\./\./\./\./\./\
\/\/\//\/\/\/\\/\/\/.\/\/\/\/\/\/\/.\/.\/.\/.\/.\/
/\../\\/\/\/\//\/\/\/\./\/\/\/\/\./\/\/\/\./\./\/\
\//\\//\../\/\\/\/\/\/.\/\/\/\/\/.\/\/\/\/.\/.\/\/
/\\//\\//\\/\//\/\../\/\./\/\/\./\./\/\/\/\./\/\..
\//\\//\\//\/\\/\//\\/\/.\/\/\/.\/.\/\/\/\/.\/\/..
..\//\\//\\/\//\/\\//\/\/\/\/\/\/\/\/\./\/\./\/\..
/\/\\/..\//\/\\/\//\\/\/\/\/\/\/\/\/\/.\/\/.\/\/..
\/\//\/\/\\/\/....\/../\/\./\/\/\/\/\/\./\./\./\/\
/\/\\/\/\//\/\/\/\/\/\\/\/.\/\/\/\/\/\/.\/.\/.\/\/
\/\//\/\/\\/\/\/\/\/\/../\/\/\/\/\/\/\/\/\/\/\/\/\
....\/\/\//\/\/\/\/\/\/\\/\/\/\/\/\/\/\/\/\/\/\/\/
/\/\/\/\/\\/\/\/\/\/\/\//\/\/\/\./\/\/\./\/\/\/\/\
\/\/\/\/\//\/\/\../\/\/\\/\/\/\/.\/\/\/.\/\/\/\/\/
/\....../\\/\/\//\\/\/\//\/\/\/\/\/\./\/\/\./\/\/\
\//\/\/\\/......\//\/\/\\/\/\/\/\/\/.\/\/\/.\/\/\/
/\\/\/\//\/\/\/\/\\/\/\//\/\/\/\/\/\/\/\/\./\/\/\.
\//\/\/\\/\/\/\/\//\/\..\/\/\/\/\/\/\/\/\/.\/\/\/.
/\\/\/\/../\/\....\/\//\/\/\/\/\/\/\/\./\/\/\./\..
\/..../\/\\/\//\/\../\\/\/\/\/\/\/\/\/.\/\/\/.\/..
/\/\/\\/\//\..\/\//\\//\......../\../\./\./\/\./\.
\/\/\/../\\//\/\/\\//\\//\/\/\/\\//\\/.\/.\/\/.\/.
..../\/\\//\\/\/\//\\//\\/\/\/\/..\//\/\/\/\/\/\/\
/\/\\/\//\\//\../\\/..\//\../\/\/\/\\/\/\/\/\/\/\/
\/\//\/\\//\\//\\//\/\..\//\\/\/\/\/../\/\/\/\./\.
/\/\\/\/..\//\\//\\/\//\/\\//\/\/\/\/\\/\/\/\/.\/.
\/\/../\/\/\\//\\//\/\\/\//\\/\/\/\/\/../\/\/\./\.
/\/\/\\/\/\/..\/..\/\//\/\\/..../\/\/\/\\/\/\/.\/.
\/\/\/..../\/\../\/\/\\/\//\/\/\\/\/\/\//\/\/\/\/\
/\/\/\/\/\\/\//\\/\/\/../\\/\/\//\......\/\/\/\/\/
\/\/\/\/\//\/\\//\/\/\/\\//\/\..\//\/\/\/\/\/\/\..
/\/\/\../\\/\/..\/\/\/\//\\/\//\/\\/\/\/\/\/\/\/..
\/\/\//\\/..../\/\/\/\/\\//\/\\/\/../\....../\/\/\
......\/......\/\/\/\/\/..\/\/......\/......\/\/\/
Case #40:
Impossible
Case #41:
Impossible
Case #42:
/\/\./\......./\../\../\/\/\../\/\/\.../\/\.
\/\/.\//\/\/\.\//\\//\\/\/\//\\/\/\//\.\/\/.
./\....\/\/\//\.\/..\/./\...\//\../\\/..../\
.\//\/\../\/\\//\./\./\\//\/\.\//\\//\./\.\/
/\.\/\//\\/\//\\/.\/.\//\\/\/...\/..\/.\//\.
\/./\/\\/./\.\/./\/\/\.\//\/\/\./\./\....\/.
./\\/\/...\/....\/\/\/./\\/\/\/.\/.\//\/\./\
.\/..../\../\/\.../\...\/./\/\./\/\..\/\/.\/
/\/\./\\//\\/\//\.\/./\/\.\/\/.\/\/./\/\....
\/\/.\/..\//\/\\/....\/\//\.........\/\//\/\
./\..../\..\/\/.../\.....\//\./\/\/\/\/\\/\/
.\/./\.\/./\/\./\.\//\/\...\/.\/\/\/\/\/../\
/\..\/....\/\/.\/./\\/\/./\/\.../\/\.../\.\/
\//\/\/\/\./\.....\/.....\/\/./\\/\//\.\//\.
/\\/\/\/\/.\/./\/\/\./\/\./\..\/./\.\/...\/.
\/../\./\/\./\\/\/\/.\/\/.\//\...\//\../\./\
./\.\/.\/\/.\/./\./\..../\/\\/./\..\//\\/.\/
.\/....../\/\..\/.\/./\.\/\/./\\//\/\\/.../\
../\/\/\.\/\/./\/\/\.\/./\/\.\//\\/\/./\/\\/
/\\/\/\/..../\\/\/\//\..\/\/./\\//\/\.\/\//\
\/..../\/\/\\/./\./\\//\/\./\\//\\/\/.....\/
./\/\.\/\/\/./\\/.\//\\/\/.\//\\/.../\/\/\/\
.\/\//\/\/\/\\//\./\\/../\...\/../\.\/\/\/\/
/\./\\/\/\/\/..\/.\//\/\\//\/\./\\//\/\.../\
\/.\/../\../\./\./\.\/\//\\/\/.\/..\/\/./\\/
./\/\/\\//\\/.\/.\//\/\.\/./\/\./\/\./\.\/..
.\/\/\/..\/../\../\\/\//\/\\/\/.\/\/.\//\/\.
./\/\/\./\./\\//\\/./\.\/\/../\..../\/\\/\/.
.\/\/\/.\/.\/..\/./\\/...../\\/./\.\/\/./\/\
/\/\/\/\/\/\/\....\//\/\/\.\/...\//\../\\/\/
\/\/\/\/\/\/\/./\...\/\/\//\./\./\\//\\/../\
/\/\........./\\//\/\../\.\/.\/.\/..\/../\\/
\/\/./\/\./\.\//\\/\//\\//\../\/\../\/\.\/..
/\./\\/\/.\//\.\//\/\\/..\//\\/\//\\/\/.../\
\/.\//\/\...\/...\/\/./\./\\//\/\\//\.../\\/
.../\\/\/./\.../\/\./\\/.\/..\/\//\\/./\\/..
/\.\/.....\//\.\/\/.\//\./\./\/\.\/./\\//\/\
\/./\/\./\..\/../\/\..\/.\/.\/\/../\\/..\/\/
...\/\/.\/./\./\\/\//\../\/\../\/\\//\./\/\.
/\/\/\/\...\/.\//\..\//\\/\//\\/\/..\/.\/\/.
\/\/\/\/./\./\/\\/./\.\//\/\\//\/\./\./\../\
.../\./\.\/.\/\/./\\/./\\/\/..\/\/.\/.\//\\/
./\\/.\/.........\/...\//\/\/\/\/\./\...\//\
.\/..../\/\./\./\./\./\.\/\/\/\/\/.\/./\/\\/
/\/\/\.\/\/.\/.\/.\/.\/../\/\...../\/\\/\//\
\/\/\/./\/\./\/\../\/\./\\/\//\/\.\/\/....\/
/\/\./\\/\/.\/\//\\/\/.\/./\.\/\//\/\./\/\/\
\/\/.\/....../\.\/../\../\\//\./\\/\/.\/\/\/
./\./\/\/\/\.\//\/\.\//\\//\\/.\/./\./\/\/\.
.\/.\/\/\/\/...\/\/...\/..\/......\/.\/\/\/.
Case #43:
/\/\...../\/\/\...../\/\...../\./\/\../\/\/\/\/\/\
\/\//\./\\/\/\/./\/\\/\/./\/\\/.\/\//\\/\/\/\/\/\/
/\..\/.\//\/\...\/\/./\/\\/\/./\....\//\./\/\/\...
\/./\....\/\/./\/\/\.\/\//\...\/./\...\/.\/\/\//\.
...\/./\/\/\/\\/\/\/./\/\\/./\./\\/./\.........\/.
./\./\\/\/\/\/..../\.\/\/...\/.\/...\//\./\./\/\/\
.\/.\/../\../\/\/\\//\./\/\/\..../\/\.\/.\/.\/\/\/
./\.../\\//\\/\/\//\\/.\/\/\/./\.\/\/./\......../\
.\//\.\//\\/......\/..../\/\/\\/./\...\/./\/\/\.\/
/\.\/...\/./\./\./\/\./\\/\/\/...\/./\/\.\/\/\//\.
\//\/\/\/\.\/.\/.\/\/.\/./\/\/\./\/\\/\/./\./\.\/.
..\/\/\/\//\/\/\......./\\/\/\/.\/\//\./\\/.\//\/\
/\/\./\/\.\/\/\//\/\/\.\//\/\/\/\...\/.\//\...\/\/
\/\/.\/\/...../\\/\/\//\.\/\/\/\/./\/\/\.\/./\/\..
.../\..../\/\.\/../\/\\/./\./\./\.\/\/\/../\\/\//\
./\\//\/\\/\//\/\.\/\//\.\/.\/.\/.../\/\/\\//\..\/
.\//\\/\//\..\/\/./\..\//\../\../\/\\/\/\//\\//\/\
/\.\/./\.\/./\./\.\//\/\\//\\//\\/\/./\...\/..\/\/
\//\/\\//\/\\/.\//\.\/\//\\/..\//\./\\//\.../\./\.
..\/\/..\/\/./\/\\//\/\.\//\/\/\\/.\//\\//\.\/.\/.
./\/\./\/\/\.\/\/..\/\//\.\/\/\//\./\\//\\/../\/\.
.\/\/.\/\/\/./\./\/\...\//\../\.\/.\/..\/./\.\/\/.
/\/\/\./\....\/.\/\//\...\//\\/./\/\/\/\..\//\/\/\
\/\/\/.\/./\/\/\....\//\/\.\/...\/\/\/\//\/\\/\/\/
./\../\/\.\/\/\/./\/\.\/\//\/\/\./\.../\\/\//\/\/\
.\//\\/\//\./\...\/\/../\.\/\/\/.\//\.\//\/\\/\/\/
/\.\/./\.\/.\/./\./\./\\//\./\/\./\\/./\\/\/.../\.
\/....\/./\/\..\/.\/.\//\\/.\/\/.\/...\/./\./\.\/.
./\/\./\.\/\//\.../\/\.\//\/\/\/\./\./\..\/.\/./\.
.\/\/.\/../\.\//\.\/\//\.\/\/\/\/.\/.\/./\.../\\/.
/\/\/\/\/\\//\.\//\...\/.../\./\/\./\./\\/./\\/...
\/\/\/\/\/..\//\.\//\/\/\/\\/.\/\/.\/.\/...\/../\.
./\./\.../\./\\/...\/\/\/\//\/\/\/\/\/\/\/\./\.\/.
.\/.\/./\\/.\//\/\/\/\/\/\.\/\/\/\/\/\/\/\/.\/../\
../\/\.\/./\/\\/\/\/\/\/\//\.../\./\/\/\/\.../\.\/
/\\/\//\/\\/\//\./\/\/\/\.\/./\\/.\/\/\/\/./\\/...
\/./\.\/\//\/\\/.\/\/\/\//\/\\/./\.../\/\/\\/.../\
...\/./\..\/\/.../\./\/\.\/\/./\\//\.\/\/\//\/\.\/
/\/\/\\//\/\/\./\\/.\/\/./\/\.\//\\/.../\..\/\/./\
\/\/\/..\/\/\/.\//\../\/\\/\/./\\//\/\.\//\.../\\/
/\./\./\./\/\/\..\//\\/\/./\..\/..\/\/./\\//\.\//\
\/.\/.\/.\/\/\/./\.\//\/\.\//\./\.../\.\/..\/...\/
....../\./\/\/\.\/./\\/\/./\\/.\/./\\//\/\../\/\..
./\/\.\/.\/\/\/./\.\//\...\//\/\/\\//\\/\//\\/\//\
.\/\/./\..../\/\\//\.\//\/\.\/\/\/..\/./\.\/../\\/
./\/\.\//\/\\/\/..\/...\/\/.../\/\/\/\.\/./\/\\//\
.\/\/./\\/\//\./\/\/\./\/\../\\/\/\/\//\/\\/\//\\/
/\../\\/....\/.\/\/\/.\/\//\\//\..../\\/\/./\.\/..
\//\\/./\/\./\./\/\/\/\./\\//\\/./\.\/./\/\\/./\/\
..\/...\/\/.\/.\/\/\/\/.\/..\/...\/....\/\/...\/\/
Case #44:
/\/\./\./\/\/\/\/\/\/\/\/\/\./\./\./\./\/\./\./\.
\/\/.\/.\/\/\/\/\/\/\/\/\/\/.\/.\/.\/.\/\/.\/.\/.
/\/\/\/\./\/\/\/\/\/\/\./\/\/\./\/\/\./\/\./\/\/\
\/\/\/\/.\/\/\/\/\/\/\/.\/\/\/.\/\/\/.\/\/.\/\/\/
/\../\/\/\/\./\/\/\/\/\./\/\/\/\./\/\/\/\/\/\/\/\
\//\\/\/\/\/.\/\/\/\/\/.\/\/\/\/.\/\/\/\/\/\/\/\/
..\//\/\/\/\./\/\/\/\./\/\/\/\/\/\/\/\/\/\./\./\.
/\/\\/\/\/\/.\/\/\/\/.\/\/\/\/\/\/\/\/\/\/.\/.\/.
\/\/../\/\/\./\./\/\./\/\./\/\/\/\./\/\/\./\/\/\.
/\/\/\\/\/\/.\/.\/\/.\/\/.\/\/\/\/.\/\/\/.\/\/\/.
\/\/\//\/\/\/\/\/\/\./\/\/\/\/\/\/\/\/\./\./\./\.
../\/\\/\/\/\/\/\/\/.\/\/\/\/\/\/\/\/\/.\/.\/.\/.
/\\/\//\..../\/\/\/\/\/\/\/\/\/\/\./\/\/\/\/\/\/\
\/../\\//\/\\/\/\/\/\/\/\/\/\/\/\/.\/\/\/\/\/\/\/
/\/\\//\\/\//\/\./\/\./\/\/\/\./\/\./\/\/\/\/\./\
\/\/..\//\/\\/\/.\/\/.\/\/\/\/.\/\/.\/\/\/\/\/.\/
/\/\/\..\/\//\/\/\/\/\/\/\/\/\/\/\/\/\/\/\/\/\/\.
\/\/\//\/\/\\/\/\/\/\/\/\/\/\/\/\/\/\/\/\/\/\/\/.
/\/\/\\/\/\//\/\/\/\/\./\/\./\/\./\/\/\/\/\./\/\.
\/\/\//\/\/\\/\/\/\/\/.\/\/.\/\/.\/\/\/\/\/.\/\/.
/\/\..\/\/\//\/\../\/\/\./\/\/\/\/\/\/\/\/\./\/\.
\/\//\/\../\\/\//\\/\/\/.\/\/\/\/\/\/\/\/\/.\/\/.
/\..\/\//\\//\..\//\../\./\./\./\/\/\/\./\/\./\..
\//\../\\//\\//\/\\//\\/.\/.\/.\/\/\/\/.\/\/.\/..
..\/..\/..\/..\/\/..\/...........................
Case #45:
/\/\/\./\./\/\../\/\/\/\/\/\/\/\../\..
\/\/\/.\/.\/\//\\/\/\/\/\/\/\/\//\\//\
/\..../\/\/\/\\/.../\../\/\./\/\\/..\/
\/./\.\/\/\/\/./\/\\//\\/\/.\/\/./\/\.
./\\/.../\/\...\/\//\\//\./\./\..\/\/.
.\/./\/\\/\//\/\/\.\//\\/.\/.\/./\/\..
....\/\//\/\\/\/\/./\\//\./\....\/\//\
./\/\...\/\//\./\/\\/..\/.\//\/\./\.\/
.\/\//\./\/\\/.\/\/./\/\/\..\/\/.\//\.
../\.\/.\/\/./\/\/\.\/\/\//\./\/\..\/.
/\\/./\/\./\.\/\/\//\/\./\\/.\/\/./\..
\/...\/\/.\//\/\/\.\/\/.\//\./\./\\//\
../\/\/\./\.\/\/\//\./\...\/.\/.\/..\/
/\\/\/\/.\/./\/\..\/.\//\.../\./\./\/\
\/./\..../\.\/\//\.....\/./\\/.\/.\/\/
/\.\//\/\\//\/\.\/./\/\./\\//\/\/\./\.
\/...\/\/..\/\/....\/\/.\//\\/\/\/.\/.
/\/\/\/\./\/\/\./\./\./\/\\//\........
\/\/\/\/.\/\/\/.\/.\/.\/\/..\//\/\/\/\
/\/\/\.../\./\/\./\/\.../\/\/\\/\/\/\/
\/\/\//\.\/.\/\/.\/\/./\\/\/\//\../\/\
/\....\/./\/\/\.../\/\\/../\/\\//\\/\/
\//\./\/\\/\/\/./\\/\/./\.\/\//\\/....
..\/.\/\//\.../\\/./\/\\/../\.\/./\/\.
./\.../\.\/./\\/./\\/\/./\.\/./\.\/\/.
.\/./\\//\..\/...\//\/\.\/./\.\/./\...
/\/\\//\\/./\../\..\/\//\..\//\/\\//\.
\/\/..\//\.\//\\/./\./\\/./\.\/\//\\/.
/\.../\.\//\.\//\.\/.\/...\/./\/\\/./\
\//\.\/./\\/...\/../\.../\/\.\/\/./\\/
/\\/....\/./\./\/\.\/./\\/\/..../\\/..
\/../\/\...\/.\/\/./\.\/./\/\./\\/./\.
/\/\\/\/./\/\/\/\/\\/....\/\/.\/./\\/.
\/\//\...\/\/\/\/\//\./\/\../\/\.\/...
/\..\//\/\../\/\/\.\/.\/\//\\/\/../\/\
\//\/\\/\//\\/\/\/.../\./\\/./\/\.\/\/
/\\/\/....\//\../\/\.\/.\/./\\/\//\./\
\/../\./\/\.\//\\/\/../\./\\/....\/.\/
/\/\\/.\/\/./\\/./\./\\/.\//\/\/\/\/\.
\/\/........\/...\/.\/.....\/\/\/\/\/.
Case #46:
Impossible
Case #47:
./\/\.../\/\/\.../\/\../\/\/\./\/\/\/\./\./\..
.\/\//\.\/\/\//\.\/\//\\/\/\/.\/\/\/\/.\/.\//\
./\..\/../\...\/.....\/./\/\/\/\./\./\../\/\\/
.\/./\/\.\/./\/\./\/\...\/\/\/\/.\/.\//\\/\//\
/\/\\/\//\/\\/\/.\/\//\/\/\/\.../\/\/\\//\/\\/
\/\//\/\\/\//\./\/\..\/\/\/\/./\\/\/\//\\/\/..
/\..\/\//\/\\/.\/\//\./\./\/\.\/..../\\//\/\/\
\/./\/\.\/\/./\./\.\/.\/.\/\//\/\/\.\//\\/\/\/
/\.\/\//\/\..\/.\/...../\....\/\/\/./\\//\/\/\
\//\/\.\/\/./\./\./\./\\/./\/\/\/\/\\//\\/\/\/
/\\/\//\....\/.\/.\/.\/...\/\/\/\/\//\\//\/\/\
\/./\.\/./\.../\.../\./\/\./\/\../\.\/..\/\/\/
/\.\/../\\//\.\/./\\/.\/\/.\/\//\\//\./\./\/\.
\/../\.\//\\//\..\/./\./\/\....\//\\/.\/.\/\/.
/\/\\/./\\//\\//\...\/.\/\//\/\/\\/..../\/\...
\/\/./\\//\\/..\/./\/\/\/\.\/\/\/.../\.\/\/./\
.../\\//\\//\/\/\.\/\/\/\//\/\./\/\.\//\....\/
./\\/..\/..\/\/\/.../\/\..\/\/.\/\/...\/./\./\
.\//\./\/\../\.../\.\/\/./\../\/\/\/\/\/\\/.\/
...\/.\/\//\\/./\\/......\//\\/\/\/\/\/\/.../\
/\/\../\/\\//\.\/./\/\/\./\\/../\/\../\/\./\\/
\/\//\\/\/..\/....\/\/\/.\/./\.\/\//\\/\/.\//\
/\/\\/./\/\../\/\./\/\/\....\//\...\//\./\..\/
\/\//\.\/\//\\/\/.\/\/\/./\./\\/./\/\\/.\/./\.
./\.\//\./\\//\/\../\./\.\/.\/./\\/\//\/\/\\/.
.\/./\\/.\/..\/\//\\/.\//\../\.\/../\\/\/\/./\
....\//\.../\./\.\/../\.\//\\//\/\.\/../\./\\/
/\./\.\/./\\/.\/../\.\/./\\/..\/\/./\/\\/.\//\
\/.\/../\\//\/\/\.\//\/\\//\/\/\./\\/\/.....\/
/\/\/\.\//\\/\/\/./\\/\/..\/\/\/.\/./\/\./\./\
\/\/\//\.\/./\/\..\/./\/\/\./\/\/\/\\/\/.\/.\/
./\/\.\//\/\\/\/./\/\\/\/\/.\/\/\/\/./\/\/\./\
.\/\/...\/\//\...\/\//\/\./\.../\....\/\/\/.\/
/\./\./\....\/./\....\/\/.\//\.\/./\/\./\.....
\/.\/.\//\./\/\\/./\../\/\..\//\..\/\/.\/./\/\
/\../\/\\/.\/\/...\//\\/\/./\.\//\./\./\/\\/\/
\//\\/\/../\./\/\./\\/./\..\//\.\/.\/.\/\//\..
/\\/./\./\\/.\/\/.\/./\\/./\.\/.../\/\/\/\\//\
\//\.\/.\/../\/\./\/\\/...\/../\/\\/\/\/\/..\/
..\//\./\/\.\/\/.\/\/../\.../\\/\//\.../\./\/\
/\..\/.\/\/./\./\.../\.\/./\\/./\.\/./\\/.\/\/
\/./\...../\\/.\//\.\/....\/./\\/./\.\/..../\.
/\.\//\./\\//\./\\//\../\/\/\\//\.\/../\./\\/.
\/...\/.\/..\/.\/..\//\\/\/\/..\/../\.\/.\/...
/\/\./\./\/\./\/\./\.\//\/\/\./\/\.\/./\/\./\.
\/\/.\/.\/\/.\/\/.\/...\/\/\/.\/\/....\/\/.\/.
Case #48:
..../\....../\/\../\...../\./\./\...
/\/\\/./\./\\/\//\\//\/\.\/.\/.\//\.
\/\/...\/.\/./\.\/..\/\//\.../\..\/.
.../\/\./\/\.\//\/\/\/\.\//\.\/./\..
./\\/\/.\/\/./\\/\/\/\//\.\/../\\//\
.\/../\./\/\.\//\/\/\/\\//\./\\//\\/
/\/\.\/.\/\/...\/\/\/\//\\/.\/..\//\
\/\/......../\./\.../\.\//\/\/\./\\/
.../\./\./\.\/.\//\.\/./\\/\/\/.\/..
/\.\/.\/.\//\/\..\/../\\/./\..../\/\
\/.../\/\..\/\/./\/\.\/./\\/./\.\/\/
/\/\.\/\//\../\.\/\/....\/./\\/./\/\
\/\/./\/\\//\\/...../\/\./\\/...\/\/
/\/\.\/\/..\/.../\/\\/\/.\/./\/\/\/\
\/\/./\/\/\/\/\.\/\//\./\./\\/\/\/\/
/\...\/\/\/\/\/.....\/.\/.\/../\../\
\//\/\/\/\./\/\/\./\..../\./\.\//\\/
/\\/\/\/\/.\/\/\/.\//\/\\/.\/...\//\
\/../\/\/\.../\.....\/\/.../\/\/\.\/
/\/\\/\/\/./\\/./\./\../\/\\/\/\//\.
\/\/./\/\/\\/...\/.\//\\/\/./\/\.\/.
./\/\\/\/\/../\/\/\/\\//\/\.\/\//\/\
.\/\//\/\/\/\\/\/\/\//\\/\/.../\\/\/
./\/\\/\/\/\/../\....\//\./\/\\/./\.
.\/\//\...../\.\/./\...\/.\/\/./\\/.
/\...\/./\/\\//\..\//\/\../\./\\/...
\//\/\..\/\/..\//\/\\/\//\\/.\/./\/\
..\/\/./\./\/\/\\/\//\..\//\/\..\/\/
./\/\/\\/.\/\/\//\/\\//\/\\/\/./\/\.
.\/\/\/./\./\...\/\//\\/\//\/\.\/\/.
../\....\/.\//\.../\\/....\/\//\../\
/\\/./\../\/\\/./\\//\./\/\/\.\//\\/
\/./\\//\\/\//\.\//\\/.\/\/\/...\//\
/\.\/..\/../\\/./\\/./\/\/\./\./\.\/
\/./\/\/\/\\/./\\/./\\/\/\/.\/.\/./\
./\\/\/\/\/./\\/...\/../\/\/\.../\\/
.\//\.../\/\\/../\./\/\\/\/\//\.\//\
/\.\//\.\/\/./\.\/.\/\/../\/\\//\.\/
\//\.\/......\/./\...../\\/\/..\//\.
/\\/../\/\/\....\//\/\.\/./\../\.\/.
\//\/\\/\/\//\/\..\/\//\/\\//\\/./\.
..\/\/..../\\/\/./\./\\/\//\\/./\\/.
/\../\/\/\\/./\/\\/.\/....\//\.\/...
\//\\/\/\/./\\/\/./\.../\...\/./\./\
/\\//\.../\\/.../\\//\.\//\/\/\\/.\/
\//\\/./\\/.../\\/..\/./\\/\/\/./\..
..\/./\\//\/\.\/./\....\/./\../\\//\
/\/\.\//\\/\//\/\\/./\/\/\\//\\//\\/
\/\/...\/....\/\/...\/\/\/..\/..\/..
Case #49:
./\./\..../\./\....../\/\...../\/\./\
.\/.\/./\.\/.\//\./\.\/\//\./\\/\/.\/
..../\.\//\/\/\\/.\/../\.\/.\//\/\/\.
./\.\/./\\/\/\//\../\.\/../\/\\/\/\/.
.\//\/\\//\....\//\\//\/\.\/\//\./\/\
/\.\/\/..\//\/\..\/..\/\//\...\/.\/\/
\//\.../\/\\/\//\/\/\/\..\//\/\/\/\..
..\/./\\/\/./\.\/\/\/\/./\.\/\/\/\//\
./\/\\/./\..\//\/\/\./\.\/./\/\../\\/
.\/\/./\\/./\.\/\/\/.\/./\.\/\//\\//\
/\./\.\//\.\/.../\......\/./\/\\/..\/
\/.\/...\/./\./\\//\/\./\..\/\/./\./\
./\./\/\./\\/.\/..\/\/.\//\./\/\\/.\/
.\/.\/\/.\/....../\.../\.\/.\/\/.....
......./\/\./\/\.\//\.\//\/\..../\/\.
./\/\/\\/\/.\/\//\.\/...\/\/./\.\/\/.
.\/\/\/.../\./\.\/./\/\./\...\/..../\
/\/\./\./\\/.\/....\/\/.\//\/\/\/\.\/
\/\/.\/.\/../\./\/\./\/\/\\/\/\/\//\.
/\../\/\./\.\/.\/\/.\/\/\//\..../\\/.
\//\\/\/.\/.../\/\/\.../\.\//\/\\//\.
/\\/./\/\../\.\/\/\//\.\/...\/\//\\/.
\/...\/\//\\/...../\\//\./\/\...\//\.
./\/\/\..\/../\/\.\/..\/.\/\//\...\/.
.\/\/\//\./\.\/\/./\/\/\../\.\//\./\.
./\../\\/.\/./\...\/\/\//\\/./\\/.\/.
.\//\\/../\/\\//\/\/\./\\/./\\/.../\.
...\//\/\\/\//\\/\/\/.\/...\/../\.\/.
./\/\\/\/./\.\//\/\/\./\/\/\./\\/./\.
.\/\/.....\/...\/\/\/.\/\/\/.\/...\/.
Case #50:
Impossible
