Case #1:
Impossible
Case #2:
.
Case #3:
./\..
.\//\
./\\/
.\/..
Case #4:
.....
./\/\
.\/\/
.....
Case #5:
Impossible
Case #6:
Impossible
Case #7:
/\/\/\
\/\/\/
/\/\/\
\/\/\/
......
Case #8:
Impossible
Case #9:
Impossible
Case #10:
/\/\/\
\/\/\/
......
Case #11:
/\./\.
\/.\/.
......
Case #12:
./\./\
.\/.\/
/\....
\/./\.
./\\/.
.\/...
Case #13:
./\/\
.\/\/
./\/\
.\/\/
.....
Case #14:
Impossible
Case #15:
Impossible
Case #16:
Impossible
Case #17:
/\/\
\/\/
../\
/\\/
\/..
Case #18:
/\/\/\
\/\/\/
/\/\/\
\/\/\/
/\/\/\
\/\/\/
Case #19:
/\/\..
\/\/..
/\/\/\
\/\/\/
/\/\/\
\/\/\/
Case #20:
Impossible
